\BOOKMARK [0][-]{chapter.1}{\376\377\0001\000\040\000S\000a\000l\000t\000s\000t\000r\000a\000u\000m\000e\000n}{}% 1
\BOOKMARK [0][-]{chapter.2}{\376\377\0002\000\040\000N\000a\000m\000e\000s\000p\000a\000c\000e\000\040\000I\000n\000d\000e\000x}{}% 2
\BOOKMARK [1][-]{section.2.1}{\376\377\0002\000.\0001\000\040\000N\000a\000m\000e\000s\000p\000a\000c\000e\000\040\000L\000i\000s\000t}{chapter.2}% 3
\BOOKMARK [0][-]{chapter.3}{\376\377\0003\000\040\000H\000i\000e\000r\000a\000r\000c\000h\000i\000c\000a\000l\000\040\000I\000n\000d\000e\000x}{}% 4
\BOOKMARK [1][-]{section.3.1}{\376\377\0003\000.\0001\000\040\000C\000l\000a\000s\000s\000\040\000H\000i\000e\000r\000a\000r\000c\000h\000y}{chapter.3}% 5
\BOOKMARK [0][-]{chapter.4}{\376\377\0004\000\040\000C\000l\000a\000s\000s\000\040\000I\000n\000d\000e\000x}{}% 6
\BOOKMARK [1][-]{section.4.1}{\376\377\0004\000.\0001\000\040\000C\000l\000a\000s\000s\000\040\000L\000i\000s\000t}{chapter.4}% 7
\BOOKMARK [0][-]{chapter.5}{\376\377\0005\000\040\000F\000i\000l\000e\000\040\000I\000n\000d\000e\000x}{}% 8
\BOOKMARK [1][-]{section.5.1}{\376\377\0005\000.\0001\000\040\000F\000i\000l\000e\000\040\000L\000i\000s\000t}{chapter.5}% 9
\BOOKMARK [0][-]{chapter.6}{\376\377\0006\000\040\000N\000a\000m\000e\000s\000p\000a\000c\000e\000\040\000D\000o\000c\000u\000m\000e\000n\000t\000a\000t\000i\000o\000n}{}% 10
\BOOKMARK [1][-]{section.6.1}{\376\377\0006\000.\0001\000\040\000a\000r\000r\000a\000y\000t\000e\000s\000t\000\040\000N\000a\000m\000e\000s\000p\000a\000c\000e\000\040\000R\000e\000f\000e\000r\000e\000n\000c\000e}{chapter.6}% 11
\BOOKMARK [2][-]{subsection.6.1.1}{\376\377\0006\000.\0001\000.\0001\000\040\000V\000a\000r\000i\000a\000b\000l\000e\000\040\000D\000o\000c\000u\000m\000e\000n\000t\000a\000t\000i\000o\000n}{section.6.1}% 12
\BOOKMARK [3][-]{subsubsection.6.1.1.1}{\376\377\0006\000.\0001\000.\0001\000.\0001\000\040\000a\000n\000i\000m\000a\000l}{subsection.6.1.1}% 13
\BOOKMARK [3][-]{subsubsection.6.1.1.2}{\376\377\0006\000.\0001\000.\0001\000.\0002\000\040\000b\000a\000r\000n\000y\000a\000r\000d}{subsection.6.1.1}% 14
\BOOKMARK [3][-]{subsubsection.6.1.1.3}{\376\377\0006\000.\0001\000.\0001\000.\0003\000\040\000b\000u\000i\000l\000d}{subsection.6.1.1}% 15
\BOOKMARK [3][-]{subsubsection.6.1.1.4}{\376\377\0006\000.\0001\000.\0001\000.\0004\000\040\000p\000e\000r\000s\000o\000n}{subsection.6.1.1}% 16
\BOOKMARK [3][-]{subsubsection.6.1.1.5}{\376\377\0006\000.\0001\000.\0001\000.\0005\000\040\000S\000u\000b\000S\000y\000s\000t\000e\000m}{subsection.6.1.1}% 17
\BOOKMARK [1][-]{section.6.2}{\376\377\0006\000.\0002\000\040\000b\000a\000s\000i\000c\000t\000e\000s\000t\000\040\000N\000a\000m\000e\000s\000p\000a\000c\000e\000\040\000R\000e\000f\000e\000r\000e\000n\000c\000e}{chapter.6}% 18
\BOOKMARK [2][-]{subsection.6.2.1}{\376\377\0006\000.\0002\000.\0001\000\040\000V\000a\000r\000i\000a\000b\000l\000e\000\040\000D\000o\000c\000u\000m\000e\000n\000t\000a\000t\000i\000o\000n}{section.6.2}% 19
\BOOKMARK [3][-]{subsubsection.6.2.1.1}{\376\377\0006\000.\0002\000.\0001\000.\0001\000\040\000b\000o\000o\000l\000e\000a\000n\000\137\000l\000i\000s\000t}{subsection.6.2.1}% 20
\BOOKMARK [3][-]{subsubsection.6.2.1.2}{\376\377\0006\000.\0002\000.\0001\000.\0002\000\040\000c\000o\000m\000p\000a\000r\000e\000\137\000d\000a\000t\000e\000\137\000u\000n\000i\000x}{subsection.6.2.1}% 21
\BOOKMARK [3][-]{subsubsection.6.2.1.3}{\376\377\0006\000.\0002\000.\0001\000.\0003\000\040\000c\000o\000n\000f\000i\000g\000f\000i\000l\000e\000\137\000n\000a\000m\000e}{subsection.6.2.1}% 22
\BOOKMARK [3][-]{subsubsection.6.2.1.4}{\376\377\0006\000.\0002\000.\0001\000.\0004\000\040\000d\000t}{subsection.6.2.1}% 23
\BOOKMARK [3][-]{subsubsection.6.2.1.5}{\376\377\0006\000.\0002\000.\0001\000.\0005\000\040\000e\000n\000t\000r\000i\000e\000s\000\137\000r\000e\000t\000r\000i\000e\000v\000e\000d}{subsection.6.2.1}% 24
\BOOKMARK [3][-]{subsubsection.6.2.1.6}{\376\377\0006\000.\0002\000.\0001\000.\0006\000\040\000f}{subsection.6.2.1}% 25
\BOOKMARK [3][-]{subsubsection.6.2.1.7}{\376\377\0006\000.\0002\000.\0001\000.\0007\000\040\000f\000e\000e\000d\0001}{subsection.6.2.1}% 26
\BOOKMARK [3][-]{subsubsection.6.2.1.8}{\376\377\0006\000.\0002\000.\0001\000.\0008\000\040\000f\000e\000e\000d\0001\000\137\000u\000r\000l}{subsection.6.2.1}% 27
\BOOKMARK [3][-]{subsubsection.6.2.1.9}{\376\377\0006\000.\0002\000.\0001\000.\0009\000\040\000i\000t\000e\000m\000s\000\137\000r\000e\000t\000r\000i\000e\000v\000e\000d}{subsection.6.2.1}% 28
\BOOKMARK [3][-]{subsubsection.6.2.1.10}{\376\377\0006\000.\0002\000.\0001\000.\0001\0000\000\040\000l\000a\000s\000t\000r\000e\000a\000d\000\137\000i\000s\000o}{subsection.6.2.1}% 29
\BOOKMARK [3][-]{subsubsection.6.2.1.11}{\376\377\0006\000.\0002\000.\0001\000.\0001\0001\000\040\000l\000a\000s\000t\000r\000e\000a\000d\000\137\000u\000n\000i\000x}{subsection.6.2.1}% 30
\BOOKMARK [3][-]{subsubsection.6.2.1.12}{\376\377\0006\000.\0002\000.\0001\000.\0001\0002\000\040\000m\000a\000i\000n\000\137\000c\000o\000n\000f\000i\000g}{subsection.6.2.1}% 31
\BOOKMARK [3][-]{subsubsection.6.2.1.13}{\376\377\0006\000.\0002\000.\0001\000.\0001\0003\000\040\000m\000o\000s\000t\000\137\000r\000e\000c\000e\000n\000t}{subsection.6.2.1}% 32
\BOOKMARK [3][-]{subsubsection.6.2.1.14}{\376\377\0006\000.\0002\000.\0001\000.\0001\0004\000\040\000n\000o\000w\000\137\000i\000s\000o}{subsection.6.2.1}% 33
\BOOKMARK [3][-]{subsubsection.6.2.1.15}{\376\377\0006\000.\0002\000.\0001\000.\0001\0005\000\040\000n\000o\000w\000\137\000u\000n\000i\000x}{subsection.6.2.1}% 34
\BOOKMARK [3][-]{subsubsection.6.2.1.16}{\376\377\0006\000.\0002\000.\0001\000.\0001\0006\000\040\000o\000l\000d\000e\000s\000t}{subsection.6.2.1}% 35
\BOOKMARK [3][-]{subsubsection.6.2.1.17}{\376\377\0006\000.\0002\000.\0001\000.\0001\0007\000\040\000p\000u\000b\000l\000i\000s\000h\000\137\000d\000a\000t\000e\000s}{subsection.6.2.1}% 36
\BOOKMARK [3][-]{subsubsection.6.2.1.18}{\376\377\0006\000.\0002\000.\0001\000.\0001\0008\000\040\000p\000y\000t\000h\000o\000n\000\137\000t\000i\000m\000e}{subsection.6.2.1}% 37
\BOOKMARK [3][-]{subsubsection.6.2.1.19}{\376\377\0006\000.\0002\000.\0001\000.\0001\0009\000\040\000q}{subsection.6.2.1}% 38
\BOOKMARK [3][-]{subsubsection.6.2.1.20}{\376\377\0006\000.\0002\000.\0001\000.\0002\0000\000\040\000r\000t\000i\000m\000e}{subsection.6.2.1}% 39
\BOOKMARK [3][-]{subsubsection.6.2.1.21}{\376\377\0006\000.\0002\000.\0001\000.\0002\0001\000\040\000s}{subsection.6.2.1}% 40
\BOOKMARK [3][-]{subsubsection.6.2.1.22}{\376\377\0006\000.\0002\000.\0001\000.\0002\0002\000\040\000s\000o\000r\000t\000e\000d\000\137\000e\000n\000t\000r\000i\000e\000s}{subsection.6.2.1}% 41
\BOOKMARK [3][-]{subsubsection.6.2.1.23}{\376\377\0006\000.\0002\000.\0001\000.\0002\0003\000\040\000s\000t\000a\000t\000e\000\137\000c\000o\000n\000f\000i\000g}{subsection.6.2.1}% 42
\BOOKMARK [3][-]{subsubsection.6.2.1.24}{\376\377\0006\000.\0002\000.\0001\000.\0002\0004\000\040\000s\000t\000a\000t\000e\000f\000i\000l\000e\000\137\000n\000a\000m\000e}{subsection.6.2.1}% 43
\BOOKMARK [1][-]{section.6.3}{\376\377\0006\000.\0003\000\040\000B\000l\000u\000e\000V\000o\000r\000t\000e\000x\000-\000v\0002\000\040\000N\000a\000m\000e\000s\000p\000a\000c\000e\000\040\000R\000e\000f\000e\000r\000e\000n\000c\000e}{chapter.6}% 44
\BOOKMARK [2][-]{subsection.6.3.1}{\376\377\0006\000.\0003\000.\0001\000\040\000V\000a\000r\000i\000a\000b\000l\000e\000\040\000D\000o\000c\000u\000m\000e\000n\000t\000a\000t\000i\000o\000n}{section.6.3}% 45
\BOOKMARK [3][-]{subsubsection.6.3.1.1}{\376\377\0006\000.\0003\000.\0001\000.\0001\000\040\000a}{subsection.6.3.1}% 46
\BOOKMARK [3][-]{subsubsection.6.3.1.2}{\376\377\0006\000.\0003\000.\0001\000.\0002\000\040\000a\000c\000c\000t\000\137\000n\000a\000m\000e}{subsection.6.3.1}% 47
\BOOKMARK [3][-]{subsubsection.6.3.1.3}{\376\377\0006\000.\0003\000.\0001\000.\0003\000\040\000a\000l\000i\000s\000t}{subsection.6.3.1}% 48
\BOOKMARK [3][-]{subsubsection.6.3.1.4}{\376\377\0006\000.\0003\000.\0001\000.\0004\000\040\000a\000l\000t\000T\000e\000x\000t}{subsection.6.3.1}% 49
\BOOKMARK [3][-]{subsubsection.6.3.1.5}{\376\377\0006\000.\0003\000.\0001\000.\0005\000\040\000a\000p\000p\000P\000a\000s\000s}{subsection.6.3.1}% 50
\BOOKMARK [3][-]{subsubsection.6.3.1.6}{\376\377\0006\000.\0003\000.\0001\000.\0006\000\040\000b}{subsection.6.3.1}% 51
\BOOKMARK [3][-]{subsubsection.6.3.1.7}{\376\377\0006\000.\0003\000.\0001\000.\0007\000\040\000B\000c\000r\000e\000d}{subsection.6.3.1}% 52
\BOOKMARK [3][-]{subsubsection.6.3.1.8}{\376\377\0006\000.\0003\000.\0001\000.\0008\000\040\000b\000l\000o\000b\000p\000o\000s\000t}{subsection.6.3.1}% 53
\BOOKMARK [3][-]{subsubsection.6.3.1.9}{\376\377\0006\000.\0003\000.\0001\000.\0009\000\040\000b\000p\000o\000s\000t}{subsection.6.3.1}% 54
\BOOKMARK [3][-]{subsubsection.6.3.1.10}{\376\377\0006\000.\0003\000.\0001\000.\0001\0000\000\040\000b\000P\000u\000c\000k}{subsection.6.3.1}% 55
\BOOKMARK [3][-]{subsubsection.6.3.1.11}{\376\377\0006\000.\0003\000.\0001\000.\0001\0001\000\040\000b\000s\000k\000y\000Q\000u\000e\000u\000e}{subsection.6.3.1}% 56
\BOOKMARK [3][-]{subsubsection.6.3.1.12}{\376\377\0006\000.\0003\000.\0001\000.\0001\0002\000\040\000c\000o\000u\000n\000t}{subsection.6.3.1}% 57
\BOOKMARK [3][-]{subsubsection.6.3.1.13}{\376\377\0006\000.\0003\000.\0001\000.\0001\0003\000\040\000c\000r\000e\000d\000s}{subsection.6.3.1}% 58
\BOOKMARK [3][-]{subsubsection.6.3.1.14}{\376\377\0006\000.\0003\000.\0001\000.\0001\0004\000\040\000e}{subsection.6.3.1}% 59
\BOOKMARK [3][-]{subsubsection.6.3.1.15}{\376\377\0006\000.\0003\000.\0001\000.\0001\0005\000\040\000f\000e\000e\000d\000D\000a\000t\000a}{subsection.6.3.1}% 60
\BOOKMARK [3][-]{subsubsection.6.3.1.16}{\376\377\0006\000.\0003\000.\0001\000.\0001\0006\000\040\000f\000l\000r\000t\000i\000m\000e\000s\000\137\000i\000s\000o}{subsection.6.3.1}% 61
\BOOKMARK [3][-]{subsubsection.6.3.1.17}{\376\377\0006\000.\0003\000.\0001\000.\0001\0007\000\040\000f\000l\000r\000t\000i\000m\000e\000s\000\137\000u\000n\000i\000x}{subsection.6.3.1}% 62
\BOOKMARK [3][-]{subsubsection.6.3.1.18}{\376\377\0006\000.\0003\000.\0001\000.\0001\0008\000\040\000I\000s\000S\000e\000n}{subsection.6.3.1}% 63
\BOOKMARK [3][-]{subsubsection.6.3.1.19}{\376\377\0006\000.\0003\000.\0001\000.\0001\0009\000\040\000i\000t\000e\000m\000s\000P\000e\000r\000F\000e\000e\000d}{subsection.6.3.1}% 64
\BOOKMARK [3][-]{subsubsection.6.3.1.20}{\376\377\0006\000.\0003\000.\0001\000.\0002\0000\000\040\000j}{subsection.6.3.1}% 65
\BOOKMARK [3][-]{subsubsection.6.3.1.21}{\376\377\0006\000.\0003\000.\0001\000.\0002\0001\000\040\000k\000e\000e\000p\000g\000o\000i\000n\000g}{subsection.6.3.1}% 66
\BOOKMARK [3][-]{subsubsection.6.3.1.22}{\376\377\0006\000.\0003\000.\0001\000.\0002\0002\000\040\000l\000D\000e}{subsection.6.3.1}% 67
\BOOKMARK [3][-]{subsubsection.6.3.1.23}{\376\377\0006\000.\0003\000.\0001\000.\0002\0003\000\040\000l\000e\000D\000a\000t\000a}{subsection.6.3.1}% 68
\BOOKMARK [3][-]{subsubsection.6.3.1.24}{\376\377\0006\000.\0003\000.\0001\000.\0002\0004\000\040\000m\000a\000i\000n\000c\000f}{subsection.6.3.1}% 69
\BOOKMARK [3][-]{subsubsection.6.3.1.25}{\376\377\0006\000.\0003\000.\0001\000.\0002\0005\000\040\000m\000c\000a}{subsection.6.3.1}% 70
\BOOKMARK [3][-]{subsubsection.6.3.1.26}{\376\377\0006\000.\0003\000.\0001\000.\0002\0006\000\040\000m\000c\000f\000d\000a\000t\000a}{subsection.6.3.1}% 71
\BOOKMARK [3][-]{subsubsection.6.3.1.27}{\376\377\0006\000.\0003\000.\0001\000.\0002\0007\000\040\000m\000i\000d\000Q\000u\000e\000u\000e}{subsection.6.3.1}% 72
\BOOKMARK [3][-]{subsubsection.6.3.1.28}{\376\377\0006\000.\0003\000.\0001\000.\0002\0008\000\040\000m\000Q\000e}{subsection.6.3.1}% 73
\BOOKMARK [3][-]{subsubsection.6.3.1.29}{\376\377\0006\000.\0003\000.\0001\000.\0002\0009\000\040\000m\000y\000D\000I\000D}{subsection.6.3.1}% 74
\BOOKMARK [3][-]{subsubsection.6.3.1.30}{\376\377\0006\000.\0003\000.\0001\000.\0003\0000\000\040\000m\000y\000P\000a\000s\000t\000P\000o\000s\000t\000s}{subsection.6.3.1}% 75
\BOOKMARK [3][-]{subsubsection.6.3.1.31}{\376\377\0006\000.\0003\000.\0001\000.\0003\0001\000\040\000n\000o\000b\000l\000o\000b\000s}{subsection.6.3.1}% 76
\BOOKMARK [3][-]{subsubsection.6.3.1.32}{\376\377\0006\000.\0003\000.\0001\000.\0003\0002\000\040\000n\000o\000B\000l\000o\000b\000s}{subsection.6.3.1}% 77
\BOOKMARK [3][-]{subsubsection.6.3.1.33}{\376\377\0006\000.\0003\000.\0001\000.\0003\0003\000\040\000n\000o\000w\0001}{subsection.6.3.1}% 78
\BOOKMARK [3][-]{subsubsection.6.3.1.34}{\376\377\0006\000.\0003\000.\0001\000.\0003\0004\000\040\000n\000o\000w\0002}{subsection.6.3.1}% 79
\BOOKMARK [3][-]{subsubsection.6.3.1.35}{\376\377\0006\000.\0003\000.\0001\000.\0003\0005\000\040\000n\000u\000m\000f\000e\000e\000d\000s}{subsection.6.3.1}% 80
\BOOKMARK [3][-]{subsubsection.6.3.1.36}{\376\377\0006\000.\0003\000.\0001\000.\0003\0006\000\040\000n\000u\000m\000f\000e\000e\000d\000S\000t\000a\000t\000e}{subsection.6.3.1}% 81
\BOOKMARK [3][-]{subsubsection.6.3.1.37}{\376\377\0006\000.\0003\000.\0001\000.\0003\0007\000\040\000p\000f\000l\000r\000t\000i\000m\000e\000s\000\137\000i}{subsection.6.3.1}% 82
\BOOKMARK [3][-]{subsubsection.6.3.1.38}{\376\377\0006\000.\0003\000.\0001\000.\0003\0008\000\040\000p\000f\000l\000r\000t\000i\000m\000e\000s\000\137\000u}{subsection.6.3.1}% 83
\BOOKMARK [3][-]{subsubsection.6.3.1.39}{\376\377\0006\000.\0003\000.\0001\000.\0003\0009\000\040\000r\000e\000f\000t\000i\000m\000e\000s}{subsection.6.3.1}% 84
\BOOKMARK [3][-]{subsubsection.6.3.1.40}{\376\377\0006\000.\0003\000.\0001\000.\0004\0000\000\040\000s\000c\000i\000n\000f\000o}{subsection.6.3.1}% 85
\BOOKMARK [3][-]{subsubsection.6.3.1.41}{\376\377\0006\000.\0003\000.\0001\000.\0004\0001\000\040\000s\000e\000s\000s\000T}{subsection.6.3.1}% 86
\BOOKMARK [3][-]{subsubsection.6.3.1.42}{\376\377\0006\000.\0003\000.\0001\000.\0004\0002\000\040\000s\000k\000i\000p}{subsection.6.3.1}% 87
\BOOKMARK [3][-]{subsubsection.6.3.1.43}{\376\377\0006\000.\0003\000.\0001\000.\0004\0003\000\040\000s\000t\000a\000t\000e\000c\000f}{subsection.6.3.1}% 88
\BOOKMARK [3][-]{subsubsection.6.3.1.44}{\376\377\0006\000.\0003\000.\0001\000.\0004\0004\000\040\000t}{subsection.6.3.1}% 89
\BOOKMARK [3][-]{subsubsection.6.3.1.45}{\376\377\0006\000.\0003\000.\0001\000.\0004\0005\000\040\000t\000f}{subsection.6.3.1}% 90
\BOOKMARK [3][-]{subsubsection.6.3.1.46}{\376\377\0006\000.\0003\000.\0001\000.\0004\0006\000\040\000t\000o\000D\000o\000E}{subsection.6.3.1}% 91
\BOOKMARK [3][-]{subsubsection.6.3.1.47}{\376\377\0006\000.\0003\000.\0001\000.\0004\0007\000\040\000u\000\137\000s\000c\000i\000n\000f\000o}{subsection.6.3.1}% 92
\BOOKMARK [3][-]{subsubsection.6.3.1.48}{\376\377\0006\000.\0003\000.\0001\000.\0004\0008\000\040\000u\000u\000\137\000s\000c\000i\000n\000f\000o}{subsection.6.3.1}% 93
\BOOKMARK [3][-]{subsubsection.6.3.1.49}{\376\377\0006\000.\0003\000.\0001\000.\0004\0009\000\040\000y}{subsection.6.3.1}% 94
\BOOKMARK [3][-]{subsubsection.6.3.1.50}{\376\377\0006\000.\0003\000.\0001\000.\0005\0000\000\040\000z}{subsection.6.3.1}% 95
\BOOKMARK [1][-]{section.6.4}{\376\377\0006\000.\0004\000\040\000c\000l\000a\000s\000s\000f\000o\000o\000\040\000N\000a\000m\000e\000s\000p\000a\000c\000e\000\040\000R\000e\000f\000e\000r\000e\000n\000c\000e}{chapter.6}% 96
\BOOKMARK [2][-]{subsection.6.4.1}{\376\377\0006\000.\0004\000.\0001\000\040\000V\000a\000r\000i\000a\000b\000l\000e\000\040\000D\000o\000c\000u\000m\000e\000n\000t\000a\000t\000i\000o\000n}{section.6.4}% 97
\BOOKMARK [3][-]{subsubsection.6.4.1.1}{\376\377\0006\000.\0004\000.\0001\000.\0001\000\040\000a}{subsection.6.4.1}% 98
\BOOKMARK [3][-]{subsubsection.6.4.1.2}{\376\377\0006\000.\0004\000.\0001\000.\0002\000\040\000b}{subsection.6.4.1}% 99
\BOOKMARK [1][-]{section.6.5}{\376\377\0006\000.\0005\000\040\000c\000o\000n\000f\000i\000g\000\137\000f\000e\000e\000d\000\137\000o\000b\000j\000s\000m\000e\000t\000h\000\040\000N\000a\000m\000e\000s\000p\000a\000c\000e\000\040\000R\000e\000f\000e\000r\000e\000n\000c\000e}{chapter.6}% 100
\BOOKMARK [2][-]{subsection.6.5.1}{\376\377\0006\000.\0005\000.\0001\000\040\000F\000u\000n\000c\000t\000i\000o\000n\000\040\000D\000o\000c\000u\000m\000e\000n\000t\000a\000t\000i\000o\000n}{section.6.5}% 101
\BOOKMARK [3][-]{subsubsection.6.5.1.1}{\376\377\0006\000.\0005\000.\0001\000.\0001\000\040\000c\000h\000k\000\137\000m\000a\000i\000n\000\137\000s\000t\000a\000t\000e\000\050\000\051}{subsection.6.5.1}% 102
\BOOKMARK [3][-]{subsubsection.6.5.1.2}{\376\377\0006\000.\0005\000.\0001\000.\0002\000\040\000e\000n\000u\000m\000e\000r\000a\000t\000e\000\137\000f\000e\000e\000d\000\137\000i\000t\000e\000m\000s\000\050\000\051}{subsection.6.5.1}% 103
\BOOKMARK [3][-]{subsubsection.6.5.1.3}{\376\377\0006\000.\0005\000.\0001\000.\0003\000\040\000f\000e\000e\000d\000H\000a\000n\000d\000l\000e\000F\000e\000t\000c\000h\000S\000o\000r\000t\000\050\000\051}{subsection.6.5.1}% 104
\BOOKMARK [3][-]{subsubsection.6.5.1.4}{\376\377\0006\000.\0005\000.\0001\000.\0004\000\040\000f\000e\000t\000c\000h\000\137\000f\000e\000e\000d\000\050\000\051}{subsection.6.5.1}% 105
\BOOKMARK [3][-]{subsubsection.6.5.1.5}{\376\377\0006\000.\0005\000.\0001\000.\0005\000\040\000f\000i\000n\000d\000\137\000f\000e\000e\000d\000s\000\050\000\051}{subsection.6.5.1}% 106
\BOOKMARK [3][-]{subsubsection.6.5.1.6}{\376\377\0006\000.\0005\000.\0001\000.\0006\000\040\000o\000p\000e\000n\000\137\000r\000e\000a\000d\000\137\000m\000c\000o\000n\000f\000i\000g\000\050\000\051}{subsection.6.5.1}% 107
\BOOKMARK [3][-]{subsubsection.6.5.1.7}{\376\377\0006\000.\0005\000.\0001\000.\0007\000\040\000s\000o\000r\000t\000\137\000e\000n\000t\000r\000i\000e\000s\000\050\000\051}{subsection.6.5.1}% 108
\BOOKMARK [1][-]{section.6.6}{\376\377\0006\000.\0006\000\040\000c\000o\000n\000f\000i\000g\000r\000e\000a\000d\000\040\000N\000a\000m\000e\000s\000p\000a\000c\000e\000\040\000R\000e\000f\000e\000r\000e\000n\000c\000e}{chapter.6}% 109
\BOOKMARK [2][-]{subsection.6.6.1}{\376\377\0006\000.\0006\000.\0001\000\040\000V\000a\000r\000i\000a\000b\000l\000e\000\040\000D\000o\000c\000u\000m\000e\000n\000t\000a\000t\000i\000o\000n}{section.6.6}% 110
\BOOKMARK [3][-]{subsubsection.6.6.1.1}{\376\377\0006\000.\0006\000.\0001\000.\0001\000\040\000m\000a\000i\000n\000c\000o\000n\000f\000i\000g\000f\000i\000l\000e\000\137\000n\000a\000m\000e}{subsection.6.6.1}% 111
\BOOKMARK [3][-]{subsubsection.6.6.1.2}{\376\377\0006\000.\0006\000.\0001\000.\0002\000\040\000n\000o\000w\000\137\000i\000s\000o}{subsection.6.6.1}% 112
\BOOKMARK [3][-]{subsubsection.6.6.1.3}{\376\377\0006\000.\0006\000.\0001\000.\0003\000\040\000n\000o\000w\000\137\000u\000n\000i\000x}{subsection.6.6.1}% 113
\BOOKMARK [3][-]{subsubsection.6.6.1.4}{\376\377\0006\000.\0006\000.\0001\000.\0004\000\040\000s\000t\000a\000t\000e\000c\000o\000n\000f\000i\000g\000f\000i\000l\000e\000\137\000n\000a\000m\000e}{subsection.6.6.1}% 114
\BOOKMARK [3][-]{subsubsection.6.6.1.5}{\376\377\0006\000.\0006\000.\0001\000.\0005\000\040\000s\000t\000a\000t\000e\000o\000u\000t\000f\000i\000l\000e\000\137\000n\000a\000m\000e}{subsection.6.6.1}% 115
\BOOKMARK [3][-]{subsubsection.6.6.1.6}{\376\377\0006\000.\0006\000.\0001\000.\0006\000\040\000s\000t\000a\000t\000e\000t\000o\000m\000l\000\137\000i\000n}{subsection.6.6.1}% 116
\BOOKMARK [3][-]{subsubsection.6.6.1.7}{\376\377\0006\000.\0006\000.\0001\000.\0007\000\040\000t\000o\000m\000l\000\137\000i\000n}{subsection.6.6.1}% 117
\BOOKMARK [1][-]{section.6.7}{\376\377\0006\000.\0007\000\040\000F\000e\000d\000i\000B\000s\000k\000y\000X\000w\000a\000l\000k\000\040\000N\000a\000m\000e\000s\000p\000a\000c\000e\000\040\000R\000e\000f\000e\000r\000e\000n\000c\000e}{chapter.6}% 118
\BOOKMARK [1][-]{section.6.8}{\376\377\0006\000.\0008\000\040\000F\000e\000d\000i\000E\000n\000t\000r\000y\000O\000b\000j\000e\000c\000t\000s\000\040\000N\000a\000m\000e\000s\000p\000a\000c\000e\000\040\000R\000e\000f\000e\000r\000e\000n\000c\000e}{chapter.6}% 119
\BOOKMARK [1][-]{section.6.9}{\376\377\0006\000.\0009\000\040\000F\000e\000d\000i\000F\000e\000e\000d\000E\000n\000t\000r\000i\000e\000s\000\040\000N\000a\000m\000e\000s\000p\000a\000c\000e\000\040\000R\000e\000f\000e\000r\000e\000n\000c\000e}{chapter.6}% 120
\BOOKMARK [2][-]{subsection.6.9.1}{\376\377\0006\000.\0009\000.\0001\000\040\000F\000u\000n\000c\000t\000i\000o\000n\000\040\000D\000o\000c\000u\000m\000e\000n\000t\000a\000t\000i\000o\000n}{section.6.9}% 121
\BOOKMARK [3][-]{subsubsection.6.9.1.1}{\376\377\0006\000.\0009\000.\0001\000.\0001\000\040\000a\000d\000d\000C\000o\000n\000t\000e\000n\000t\000W\000a\000r\000n\000i\000n\000g\000\050\000\051}{subsection.6.9.1}% 122
\BOOKMARK [3][-]{subsubsection.6.9.1.2}{\376\377\0006\000.\0009\000.\0001\000.\0002\000\040\000a\000d\000d\000S\000u\000m\000m\000a\000r\000y\000D\000e\000t\000a\000i\000l\000\050\000\051}{subsection.6.9.1}% 123
\BOOKMARK [3][-]{subsubsection.6.9.1.3}{\376\377\0006\000.\0009\000.\0001\000.\0003\000\040\000c\000w\000\137\000c\000h\000e\000c\000k\000\050\000\051}{subsection.6.9.1}% 124
\BOOKMARK [3][-]{subsubsection.6.9.1.4}{\376\377\0006\000.\0009\000.\0001\000.\0004\000\040\000e\000n\000t\000r\000y\000A\000d\000d\000B\000a\000s\000i\000c\000\050\000\051}{subsection.6.9.1}% 125
\BOOKMARK [3][-]{subsubsection.6.9.1.5}{\376\377\0006\000.\0009\000.\0001\000.\0005\000\040\000e\000n\000t\000r\000y\000A\000d\000d\000I\000m\000a\000g\000e\000s\000\050\000\051}{subsection.6.9.1}% 126
\BOOKMARK [3][-]{subsubsection.6.9.1.6}{\376\377\0006\000.\0009\000.\0001\000.\0006\000\040\000e\000n\000t\000r\000y\000A\000d\000d\000R\000a\000t\000i\000n\000g\000s\000\050\000\051}{subsection.6.9.1}% 127
\BOOKMARK [3][-]{subsubsection.6.9.1.7}{\376\377\0006\000.\0009\000.\0001\000.\0007\000\040\000e\000n\000t\000r\000y\000C\000h\000e\000c\000k\000S\000e\000n\000s\000i\000t\000i\000v\000e\000\050\000\051}{subsection.6.9.1}% 128
\BOOKMARK [3][-]{subsubsection.6.9.1.8}{\376\377\0006\000.\0009\000.\0001\000.\0008\000\040\000e\000n\000t\000r\000y\000C\000r\000e\000a\000t\000e\000\050\000\051}{subsection.6.9.1}% 129
\BOOKMARK [3][-]{subsubsection.6.9.1.9}{\376\377\0006\000.\0009\000.\0001\000.\0009\000\040\000e\000n\000t\000r\000y\000F\000i\000x\000T\000a\000g\000s\000\050\000\051}{subsection.6.9.1}% 130
\BOOKMARK [3][-]{subsubsection.6.9.1.10}{\376\377\0006\000.\0009\000.\0001\000.\0001\0000\000\040\000G\000e\000t\000A\000l\000t\000T\000e\000x\000t\000\050\000\051}{subsection.6.9.1}% 131
\BOOKMARK [3][-]{subsubsection.6.9.1.11}{\376\377\0006\000.\0009\000.\0001\000.\0001\0001\000\040\000M\000e\000d\000i\000a\000C\000o\000n\000t\000e\000n\000t\000A\000t\000t\000a\000c\000h\000\050\000\051}{subsection.6.9.1}% 132
\BOOKMARK [3][-]{subsubsection.6.9.1.12}{\376\377\0006\000.\0009\000.\0001\000.\0001\0002\000\040\000M\000e\000d\000i\000a\000C\000o\000n\000t\000e\000n\000t\000H\000a\000n\000d\000l\000e\000\050\000\051}{subsection.6.9.1}% 133
\BOOKMARK [3][-]{subsubsection.6.9.1.13}{\376\377\0006\000.\0009\000.\0001\000.\0001\0003\000\040\000o\000o\000l\000l\000l\000d\000d\000M\000e\000d\000i\000a\000C\000o\000n\000t\000e\000n\000t\000A\000t\000t\000a\000c\000h\000\050\000\051}{subsection.6.9.1}% 134
\BOOKMARK [3][-]{subsubsection.6.9.1.14}{\376\377\0006\000.\0009\000.\0001\000.\0001\0004\000\040\000t\000e\000x\000t\000T\000o\000u\000c\000h\000U\000p\000\050\000\051}{subsection.6.9.1}% 135
\BOOKMARK [1][-]{section.6.10}{\376\377\0006\000.\0001\0000\000\040\000F\000e\000d\000i\000Q\000u\000e\000u\000e\000O\000b\000j\000e\000c\000t\000s\000\040\000N\000a\000m\000e\000s\000p\000a\000c\000e\000\040\000R\000e\000f\000e\000r\000e\000n\000c\000e}{chapter.6}% 136
\BOOKMARK [1][-]{section.6.11}{\376\377\0006\000.\0001\0001\000\040\000F\000e\000d\000i\000S\000t\000r\000u\000c\000t\000s\000M\000i\000s\000c\000\040\000N\000a\000m\000e\000s\000p\000a\000c\000e\000\040\000R\000e\000f\000e\000r\000e\000n\000c\000e}{chapter.6}% 137
\BOOKMARK [1][-]{section.6.12}{\376\377\0006\000.\0001\0002\000\040\000F\000e\000d\000i\000X\000b\000S\000k\000y\000\040\000N\000a\000m\000e\000s\000p\000a\000c\000e\000\040\000R\000e\000f\000e\000r\000e\000n\000c\000e}{chapter.6}% 138
\BOOKMARK [1][-]{section.6.13}{\376\377\0006\000.\0001\0003\000\040\000f\000e\000e\000d\000s\000t\000r\000u\000c\000t\000s\000\040\000N\000a\000m\000e\000s\000p\000a\000c\000e\000\040\000R\000e\000f\000e\000r\000e\000n\000c\000e}{chapter.6}% 139
\BOOKMARK [2][-]{subsection.6.13.1}{\376\377\0006\000.\0001\0003\000.\0001\000\040\000D\000e\000t\000a\000i\000l\000e\000d\000\040\000D\000e\000s\000c\000r\000i\000p\000t\000i\000o\000n}{section.6.13}% 140
\BOOKMARK [2][-]{subsection.6.13.2}{\376\377\0006\000.\0001\0003\000.\0002\000\040\000V\000a\000r\000i\000a\000b\000l\000e\000\040\000D\000o\000c\000u\000m\000e\000n\000t\000a\000t\000i\000o\000n}{section.6.13}% 141
\BOOKMARK [3][-]{subsubsection.6.13.2.1}{\376\377\0006\000.\0001\0003\000.\0002\000.\0001\000\040\000b\000s\000k\000y\000\137\000p\000o\000s\000t\000\137\000m\000e\000t\000a\000d\000a\000t\000a}{subsection.6.13.2}% 142
\BOOKMARK [3][-]{subsubsection.6.13.2.2}{\376\377\0006\000.\0001\0003\000.\0002\000.\0002\000\040\000f\000e\000e\000d\000\137\000m\000e\000t\000a\000d\000a\000t\000a}{subsection.6.13.2}% 143
\BOOKMARK [3][-]{subsubsection.6.13.2.3}{\376\377\0006\000.\0001\0003\000.\0002\000.\0003\000\040\000m\000a\000i\000n\000\137\000c\000o\000n\000f\000i\000g\000\137\000f\000e\000e\000d\000I\000n\000f\000o}{subsection.6.13.2}% 144
\BOOKMARK [3][-]{subsubsection.6.13.2.4}{\376\377\0006\000.\0001\0003\000.\0002\000.\0004\000\040\000m\000a\000i\000n\000\137\000c\000o\000n\000f\000i\000g\000\137\000g\000e\000n\000I\000n\000f\000o}{subsection.6.13.2}% 145
\BOOKMARK [3][-]{subsubsection.6.13.2.5}{\376\377\0006\000.\0001\0003\000.\0002\000.\0005\000\040\000p\000o\000s\000t\000\137\000a\000l\000t\000T\000e\000x\000t\000\137\000p\000l\000u\000s}{subsection.6.13.2}% 146
\BOOKMARK [3][-]{subsubsection.6.13.2.6}{\376\377\0006\000.\0001\0003\000.\0002\000.\0006\000\040\000p\000o\000s\000t\000\137\000c\000o\000n\000s\000t\000r\000u\000c\000t\000o\000r}{subsection.6.13.2}% 147
\BOOKMARK [3][-]{subsubsection.6.13.2.7}{\376\377\0006\000.\0001\0003\000.\0002\000.\0007\000\040\000p\000o\000s\000t\000\137\000m\000e\000d\000i\000a\000\137\000i\000t\000e\000m}{subsection.6.13.2}% 148
\BOOKMARK [3][-]{subsubsection.6.13.2.8}{\376\377\0006\000.\0001\0003\000.\0002\000.\0008\000\040\000s\000i\000m\000p\000l\000e\000\137\000b\000s\000k\000y\000\137\000i\000n\000f\000o}{subsection.6.13.2}% 149
\BOOKMARK [3][-]{subsubsection.6.13.2.9}{\376\377\0006\000.\0001\0003\000.\0002\000.\0009\000\040\000s\000t\000a\000t\000e\000\137\000c\000o\000n\000f\000i\000g\000\137\000g\000e\000n\000I\000n\000f\000o}{subsection.6.13.2}% 150
\BOOKMARK [1][-]{section.6.14}{\376\377\0006\000.\0001\0004\000\040\000h\000e\000a\000v\000y\000\137\000l\000i\000f\000t\000i\000n\000g\000\040\000N\000a\000m\000e\000s\000p\000a\000c\000e\000\040\000R\000e\000f\000e\000r\000e\000n\000c\000e}{chapter.6}% 151
\BOOKMARK [2][-]{subsection.6.14.1}{\376\377\0006\000.\0001\0004\000.\0001\000\040\000D\000e\000t\000a\000i\000l\000e\000d\000\040\000D\000e\000s\000c\000r\000i\000p\000t\000i\000o\000n}{section.6.14}% 152
\BOOKMARK [1][-]{section.6.15}{\376\377\0006\000.\0001\0005\000\040\000m\000a\000i\000n\000\040\000N\000a\000m\000e\000s\000p\000a\000c\000e\000\040\000R\000e\000f\000e\000r\000e\000n\000c\000e}{chapter.6}% 153
\BOOKMARK [2][-]{subsection.6.15.1}{\376\377\0006\000.\0001\0005\000.\0001\000\040\000D\000e\000t\000a\000i\000l\000e\000d\000\040\000D\000e\000s\000c\000r\000i\000p\000t\000i\000o\000n}{section.6.15}% 154
\BOOKMARK [1][-]{section.6.16}{\376\377\0006\000.\0001\0006\000\040\000m\000a\000i\000n\000-\000v\0001\000\040\000N\000a\000m\000e\000s\000p\000a\000c\000e\000\040\000R\000e\000f\000e\000r\000e\000n\000c\000e}{chapter.6}% 155
\BOOKMARK [2][-]{subsection.6.16.1}{\376\377\0006\000.\0001\0006\000.\0001\000\040\000V\000a\000r\000i\000a\000b\000l\000e\000\040\000D\000o\000c\000u\000m\000e\000n\000t\000a\000t\000i\000o\000n}{section.6.16}% 156
\BOOKMARK [3][-]{subsubsection.6.16.1.1}{\376\377\0006\000.\0001\0006\000.\0001\000.\0001\000\040\000a}{subsection.6.16.1}% 157
\BOOKMARK [3][-]{subsubsection.6.16.1.2}{\376\377\0006\000.\0001\0006\000.\0001\000.\0002\000\040\000c\000o\000n\000f\000i\000g\000D\000e\000t\000s}{subsection.6.16.1}% 158
\BOOKMARK [3][-]{subsubsection.6.16.1.3}{\376\377\0006\000.\0001\0006\000.\0001\000.\0003\000\040\000c\000o\000n\000f\000i\000g\000f\000i\000l\000e\000N\000a\000m\000e}{subsection.6.16.1}% 159
\BOOKMARK [3][-]{subsubsection.6.16.1.4}{\376\377\0006\000.\0001\0006\000.\0001\000.\0004\000\040\000f\000d\000\137\000c\000o\000n\000t\000e\000n\000t}{subsection.6.16.1}% 160
\BOOKMARK [3][-]{subsubsection.6.16.1.5}{\376\377\0006\000.\0001\0006\000.\0001\000.\0005\000\040\000f\000e\000e\000d\000U\000R\000L\000s}{subsection.6.16.1}% 161
\BOOKMARK [3][-]{subsubsection.6.16.1.6}{\376\377\0006\000.\0001\0006\000.\0001\000.\0006\000\040\000h\000m\000f}{subsection.6.16.1}% 162
\BOOKMARK [3][-]{subsubsection.6.16.1.7}{\376\377\0006\000.\0001\0006\000.\0001\000.\0007\000\040\000j}{subsection.6.16.1}% 163
\BOOKMARK [3][-]{subsubsection.6.16.1.8}{\376\377\0006\000.\0001\0006\000.\0001\000.\0008\000\040\000r\000v\000a\000l}{subsection.6.16.1}% 164
\BOOKMARK [3][-]{subsubsection.6.16.1.9}{\376\377\0006\000.\0001\0006\000.\0001\000.\0009\000\040\000t}{subsection.6.16.1}% 165
\BOOKMARK [3][-]{subsubsection.6.16.1.10}{\376\377\0006\000.\0001\0006\000.\0001\000.\0001\0000\000\040\000x}{subsection.6.16.1}% 166
\BOOKMARK [3][-]{subsubsection.6.16.1.11}{\376\377\0006\000.\0001\0006\000.\0001\000.\0001\0001\000\040\000z}{subsection.6.16.1}% 167
\BOOKMARK [1][-]{section.6.17}{\376\377\0006\000.\0001\0007\000\040\000m\000a\000i\000n\000-\000v\0002\000\040\000N\000a\000m\000e\000s\000p\000a\000c\000e\000\040\000R\000e\000f\000e\000r\000e\000n\000c\000e}{chapter.6}% 168
\BOOKMARK [2][-]{subsection.6.17.1}{\376\377\0006\000.\0001\0007\000.\0001\000\040\000V\000a\000r\000i\000a\000b\000l\000e\000\040\000D\000o\000c\000u\000m\000e\000n\000t\000a\000t\000i\000o\000n}{section.6.17}% 169
\BOOKMARK [3][-]{subsubsection.6.17.1.1}{\376\377\0006\000.\0001\0007\000.\0001\000.\0001\000\040\000e\000n\000u\000m\000F\000e\000e\000d\000I\000t\000e\000m\000s}{subsection.6.17.1}% 170
\BOOKMARK [3][-]{subsubsection.6.17.1.2}{\376\377\0006\000.\0001\0007\000.\0001\000.\0002\000\040\000f\000e\000e\000d\000U\000R\000L\000s}{subsection.6.17.1}% 171
\BOOKMARK [3][-]{subsubsection.6.17.1.3}{\376\377\0006\000.\0001\0007\000.\0001\000.\0003\000\040\000f\000o\000o}{subsection.6.17.1}% 172
\BOOKMARK [3][-]{subsubsection.6.17.1.4}{\376\377\0006\000.\0001\0007\000.\0001\000.\0004\000\040\000n\000u\000m\000f\000e\000e\000d\000s}{subsection.6.17.1}% 173
\BOOKMARK [3][-]{subsubsection.6.17.1.5}{\376\377\0006\000.\0001\0007\000.\0001\000.\0005\000\040\000r\000e\000f\000t\000i\000m\000e\000\137\000u\000n\000i\000x}{subsection.6.17.1}% 174
\BOOKMARK [3][-]{subsubsection.6.17.1.6}{\376\377\0006\000.\0001\0007\000.\0001\000.\0006\000\040\000r\000v\000a\000l}{subsection.6.17.1}% 175
\BOOKMARK [3][-]{subsubsection.6.17.1.7}{\376\377\0006\000.\0001\0007\000.\0001\000.\0007\000\040\000s\000o\000r\000t\000e\000d\000E\000n\000t\000r\000i\000e\000s}{subsection.6.17.1}% 176
\BOOKMARK [3][-]{subsubsection.6.17.1.8}{\376\377\0006\000.\0001\0007\000.\0001\000.\0008\000\040\000s\000o\000r\000t\000e\000d\000F\000e\000e\000d\000D\000i\000c\000t}{subsection.6.17.1}% 177
\BOOKMARK [3][-]{subsubsection.6.17.1.9}{\376\377\0006\000.\0001\0007\000.\0001\000.\0009\000\040\000t}{subsection.6.17.1}% 178
\BOOKMARK [3][-]{subsubsection.6.17.1.10}{\376\377\0006\000.\0001\0007\000.\0001\000.\0001\0000\000\040\000u\000e\000t}{subsection.6.17.1}% 179
\BOOKMARK [3][-]{subsubsection.6.17.1.11}{\376\377\0006\000.\0001\0007\000.\0001\000.\0001\0001\000\040\000x}{subsection.6.17.1}% 180
\BOOKMARK [3][-]{subsubsection.6.17.1.12}{\376\377\0006\000.\0001\0007\000.\0001\000.\0001\0002\000\040\000z}{subsection.6.17.1}% 181
\BOOKMARK [1][-]{section.6.18}{\376\377\0006\000.\0001\0008\000\040\000m\000a\000i\000n\000-\000v\0003\000\040\000N\000a\000m\000e\000s\000p\000a\000c\000e\000\040\000R\000e\000f\000e\000r\000e\000n\000c\000e}{chapter.6}% 182
\BOOKMARK [2][-]{subsection.6.18.1}{\376\377\0006\000.\0001\0008\000.\0001\000\040\000V\000a\000r\000i\000a\000b\000l\000e\000\040\000D\000o\000c\000u\000m\000e\000n\000t\000a\000t\000i\000o\000n}{section.6.18}% 183
\BOOKMARK [3][-]{subsubsection.6.18.1.1}{\376\377\0006\000.\0001\0008\000.\0001\000.\0001\000\040\000a\000l\000i\000s\000t}{subsection.6.18.1}% 184
\BOOKMARK [3][-]{subsubsection.6.18.1.2}{\376\377\0006\000.\0001\0008\000.\0001\000.\0002\000\040\000c\000h\000e\000c\000k\000m\000a\000i\000n\000f\000e\000e\000d\000s}{subsection.6.18.1}% 185
\BOOKMARK [3][-]{subsubsection.6.18.1.3}{\376\377\0006\000.\0001\0008\000.\0001\000.\0003\000\040\000c\000o\000u\000n\000t}{subsection.6.18.1}% 186
\BOOKMARK [3][-]{subsubsection.6.18.1.4}{\376\377\0006\000.\0001\0008\000.\0001\000.\0004\000\040\000f\000e\000e\000d\000D\000a\000t\000a}{subsection.6.18.1}% 187
\BOOKMARK [3][-]{subsubsection.6.18.1.5}{\376\377\0006\000.\0001\0008\000.\0001\000.\0005\000\040\000f\000e\000e\000d\000I\000n}{subsection.6.18.1}% 188
\BOOKMARK [3][-]{subsubsection.6.18.1.6}{\376\377\0006\000.\0001\0008\000.\0001\000.\0006\000\040\000i\000t\000e\000m\000s\000P\000e\000r\000F\000e\000e\000d}{subsection.6.18.1}% 189
\BOOKMARK [3][-]{subsubsection.6.18.1.7}{\376\377\0006\000.\0001\0008\000.\0001\000.\0007\000\040\000j}{subsection.6.18.1}% 190
\BOOKMARK [3][-]{subsubsection.6.18.1.8}{\376\377\0006\000.\0001\0008\000.\0001\000.\0008\000\040\000k\000e\000e\000p\000g\000o\000i\000n\000g}{subsection.6.18.1}% 191
\BOOKMARK [3][-]{subsubsection.6.18.1.9}{\376\377\0006\000.\0001\0008\000.\0001\000.\0009\000\040\000m\000a\000i\000n\000c\000f}{subsection.6.18.1}% 192
\BOOKMARK [3][-]{subsubsection.6.18.1.10}{\376\377\0006\000.\0001\0008\000.\0001\000.\0001\0000\000\040\000m\000c\000i\000n\000f\000o}{subsection.6.18.1}% 193
\BOOKMARK [3][-]{subsubsection.6.18.1.11}{\376\377\0006\000.\0001\0008\000.\0001\000.\0001\0001\000\040\000N\000e\000u\000F\000e\000e\000d\000D\000a\000t\000a}{subsection.6.18.1}% 194
\BOOKMARK [3][-]{subsubsection.6.18.1.12}{\376\377\0006\000.\0001\0008\000.\0001\000.\0001\0002\000\040\000n\000u\000f\000e\000e\000d\000s}{subsection.6.18.1}% 195
\BOOKMARK [3][-]{subsubsection.6.18.1.13}{\376\377\0006\000.\0001\0008\000.\0001\000.\0001\0003\000\040\000n\000u\000m\000f\000e\000e\000d\000S\000t\000a\000t\000e}{subsection.6.18.1}% 196
\BOOKMARK [3][-]{subsubsection.6.18.1.14}{\376\377\0006\000.\0001\0008\000.\0001\000.\0001\0004\000\040\000r\000e\000f\000t\000i\000m\000e}{subsection.6.18.1}% 197
\BOOKMARK [3][-]{subsubsection.6.18.1.15}{\376\377\0006\000.\0001\0008\000.\0001\000.\0001\0005\000\040\000s\000c\000i\000n\000f\000o}{subsection.6.18.1}% 198
\BOOKMARK [3][-]{subsubsection.6.18.1.16}{\376\377\0006\000.\0001\0008\000.\0001\000.\0001\0006\000\040\000s\000t\000a\000t\000e\000c\000f}{subsection.6.18.1}% 199
\BOOKMARK [3][-]{subsubsection.6.18.1.17}{\376\377\0006\000.\0001\0008\000.\0001\000.\0001\0007\000\040\000u\000\137\000s\000c\000i\000n\000f\000o}{subsection.6.18.1}% 200
\BOOKMARK [1][-]{section.6.19}{\376\377\0006\000.\0001\0009\000\040\000o\000l\000d\000T\000e\000s\000t\000e\000r\000\040\000N\000a\000m\000e\000s\000p\000a\000c\000e\000\040\000R\000e\000f\000e\000r\000e\000n\000c\000e}{chapter.6}% 201
\BOOKMARK [2][-]{subsection.6.19.1}{\376\377\0006\000.\0001\0009\000.\0001\000\040\000V\000a\000r\000i\000a\000b\000l\000e\000\040\000D\000o\000c\000u\000m\000e\000n\000t\000a\000t\000i\000o\000n}{section.6.19}% 202
\BOOKMARK [3][-]{subsubsection.6.19.1.1}{\376\377\0006\000.\0001\0009\000.\0001\000.\0001\000\040\000a\000c\000c\000t\000\137\000n\000a\000m\000e}{subsection.6.19.1}% 203
\BOOKMARK [3][-]{subsubsection.6.19.1.2}{\376\377\0006\000.\0001\0009\000.\0001\000.\0002\000\040\000a\000p\000p\000P\000a\000s\000s}{subsection.6.19.1}% 204
\BOOKMARK [3][-]{subsubsection.6.19.1.3}{\376\377\0006\000.\0001\0009\000.\0001\000.\0003\000\040\000B\000c\000r\000e\000d}{subsection.6.19.1}% 205
\BOOKMARK [3][-]{subsubsection.6.19.1.4}{\376\377\0006\000.\0001\0009\000.\0001\000.\0004\000\040\000B\000s\000k\000y\000T\000e\000s\000t}{subsection.6.19.1}% 206
\BOOKMARK [3][-]{subsubsection.6.19.1.5}{\376\377\0006\000.\0001\0009\000.\0001\000.\0005\000\040\000c\000r\000e\000d\000s}{subsection.6.19.1}% 207
\BOOKMARK [3][-]{subsubsection.6.19.1.6}{\376\377\0006\000.\0001\0009\000.\0001\000.\0006\000\040\000j}{subsection.6.19.1}% 208
\BOOKMARK [3][-]{subsubsection.6.19.1.7}{\376\377\0006\000.\0001\0009\000.\0001\000.\0007\000\040\000m\000a\000i\000n\000c\000f}{subsection.6.19.1}% 209
\BOOKMARK [3][-]{subsubsection.6.19.1.8}{\376\377\0006\000.\0001\0009\000.\0001\000.\0008\000\040\000m\000c\000f\000d\000a\000t\000a}{subsection.6.19.1}% 210
\BOOKMARK [3][-]{subsubsection.6.19.1.9}{\376\377\0006\000.\0001\0009\000.\0001\000.\0009\000\040\000m\000y\000P\000a\000s\000t\000P\000o\000s\000t\000s}{subsection.6.19.1}% 211
\BOOKMARK [3][-]{subsubsection.6.19.1.10}{\376\377\0006\000.\0001\0009\000.\0001\000.\0001\0000\000\040\000n\000u\000m\000f\000e\000e\000d\000s}{subsection.6.19.1}% 212
\BOOKMARK [3][-]{subsubsection.6.19.1.11}{\376\377\0006\000.\0001\0009\000.\0001\000.\0001\0001\000\040\000n\000u\000m\000f\000e\000e\000d\000S\000t\000a\000t\000e}{subsection.6.19.1}% 213
\BOOKMARK [3][-]{subsubsection.6.19.1.12}{\376\377\0006\000.\0001\0009\000.\0001\000.\0001\0002\000\040\000s\000c\000i\000n\000f\000o}{subsection.6.19.1}% 214
\BOOKMARK [3][-]{subsubsection.6.19.1.13}{\376\377\0006\000.\0001\0009\000.\0001\000.\0001\0003\000\040\000s\000e\000s\000s\000T}{subsection.6.19.1}% 215
\BOOKMARK [3][-]{subsubsection.6.19.1.14}{\376\377\0006\000.\0001\0009\000.\0001\000.\0001\0004\000\040\000s\000t\000a\000t\000e\000c\000f}{subsection.6.19.1}% 216
\BOOKMARK [1][-]{section.6.20}{\376\377\0006\000.\0002\0000\000\040\000o\000o\000p\000s\000\040\000N\000a\000m\000e\000s\000p\000a\000c\000e\000\040\000R\000e\000f\000e\000r\000e\000n\000c\000e}{chapter.6}% 217
\BOOKMARK [2][-]{subsection.6.20.1}{\376\377\0006\000.\0002\0000\000.\0001\000\040\000D\000e\000t\000a\000i\000l\000e\000d\000\040\000D\000e\000s\000c\000r\000i\000p\000t\000i\000o\000n}{section.6.20}% 218
\BOOKMARK [2][-]{subsection.6.20.2}{\376\377\0006\000.\0002\0000\000.\0002\000\040\000V\000a\000r\000i\000a\000b\000l\000e\000\040\000D\000o\000c\000u\000m\000e\000n\000t\000a\000t\000i\000o\000n}{section.6.20}% 219
\BOOKMARK [3][-]{subsubsection.6.20.2.1}{\376\377\0006\000.\0002\0000\000.\0002\000.\0001\000\040\000a\000l\000i\000s\000t}{subsection.6.20.2}% 220
\BOOKMARK [3][-]{subsubsection.6.20.2.2}{\376\377\0006\000.\0002\0000\000.\0002\000.\0002\000\040\000c\000h\000e\000c\000k\000m\000a\000i\000n\000f\000e\000e\000d\000s}{subsection.6.20.2}% 221
\BOOKMARK [3][-]{subsubsection.6.20.2.3}{\376\377\0006\000.\0002\0000\000.\0002\000.\0003\000\040\000c\000o\000u\000n\000t}{subsection.6.20.2}% 222
\BOOKMARK [3][-]{subsubsection.6.20.2.4}{\376\377\0006\000.\0002\0000\000.\0002\000.\0004\000\040\000f\000e\000e\000d\000D\000a\000t\000a}{subsection.6.20.2}% 223
\BOOKMARK [3][-]{subsubsection.6.20.2.5}{\376\377\0006\000.\0002\0000\000.\0002\000.\0005\000\040\000f\000e\000e\000d\000I\000n}{subsection.6.20.2}% 224
\BOOKMARK [3][-]{subsubsection.6.20.2.6}{\376\377\0006\000.\0002\0000\000.\0002\000.\0006\000\040\000f\000r\000e\000d}{subsection.6.20.2}% 225
\BOOKMARK [3][-]{subsubsection.6.20.2.7}{\376\377\0006\000.\0002\0000\000.\0002\000.\0007\000\040\000i\000t\000e\000m\000s\000P\000e\000r\000F\000e\000e\000d}{subsection.6.20.2}% 226
\BOOKMARK [3][-]{subsubsection.6.20.2.8}{\376\377\0006\000.\0002\0000\000.\0002\000.\0008\000\040\000j}{subsection.6.20.2}% 227
\BOOKMARK [3][-]{subsubsection.6.20.2.9}{\376\377\0006\000.\0002\0000\000.\0002\000.\0009\000\040\000k\000e\000e\000p\000g\000o\000i\000n\000g}{subsection.6.20.2}% 228
\BOOKMARK [3][-]{subsubsection.6.20.2.10}{\376\377\0006\000.\0002\0000\000.\0002\000.\0001\0000\000\040\000m\000a\000i\000n\000c\000f}{subsection.6.20.2}% 229
\BOOKMARK [3][-]{subsubsection.6.20.2.11}{\376\377\0006\000.\0002\0000\000.\0002\000.\0001\0001\000\040\000m\000c\000i\000n\000f\000o}{subsection.6.20.2}% 230
\BOOKMARK [3][-]{subsubsection.6.20.2.12}{\376\377\0006\000.\0002\0000\000.\0002\000.\0001\0002\000\040\000N\000e\000u\000F\000e\000e\000d\000D\000a\000t\000a}{subsection.6.20.2}% 231
\BOOKMARK [3][-]{subsubsection.6.20.2.13}{\376\377\0006\000.\0002\0000\000.\0002\000.\0001\0003\000\040\000n\000u\000f\000e\000e\000d\000s}{subsection.6.20.2}% 232
\BOOKMARK [3][-]{subsubsection.6.20.2.14}{\376\377\0006\000.\0002\0000\000.\0002\000.\0001\0004\000\040\000n\000u\000m\000f\000e\000e\000d\000S\000t\000a\000t\000e}{subsection.6.20.2}% 233
\BOOKMARK [3][-]{subsubsection.6.20.2.15}{\376\377\0006\000.\0002\0000\000.\0002\000.\0001\0005\000\040\000r\000e\000f\000t\000i\000m\000e}{subsection.6.20.2}% 234
\BOOKMARK [3][-]{subsubsection.6.20.2.16}{\376\377\0006\000.\0002\0000\000.\0002\000.\0001\0006\000\040\000s\000c\000i\000n\000f\000o}{subsection.6.20.2}% 235
\BOOKMARK [3][-]{subsubsection.6.20.2.17}{\376\377\0006\000.\0002\0000\000.\0002\000.\0001\0007\000\040\000s\000t\000a\000t\000e\000c\000f}{subsection.6.20.2}% 236
\BOOKMARK [3][-]{subsubsection.6.20.2.18}{\376\377\0006\000.\0002\0000\000.\0002\000.\0001\0008\000\040\000u\000\137\000s\000c\000i\000n\000f\000o}{subsection.6.20.2}% 237
\BOOKMARK [1][-]{section.6.21}{\376\377\0006\000.\0002\0001\000\040\000t\000e\000m\000p\000h\000o\000l\000d\000\040\000N\000a\000m\000e\000s\000p\000a\000c\000e\000\040\000R\000e\000f\000e\000r\000e\000n\000c\000e}{chapter.6}% 238
\BOOKMARK [2][-]{subsection.6.21.1}{\376\377\0006\000.\0002\0001\000.\0001\000\040\000F\000u\000n\000c\000t\000i\000o\000n\000\040\000D\000o\000c\000u\000m\000e\000n\000t\000a\000t\000i\000o\000n}{section.6.21}% 239
\BOOKMARK [3][-]{subsubsection.6.21.1.1}{\376\377\0006\000.\0002\0001\000.\0001\000.\0001\000\040\000a\000d\000d\000S\000u\000m\000m\000a\000r\000y\000D\000e\000t\000a\000i\000l\000\050\000\051}{subsection.6.21.1}% 240
\BOOKMARK [3][-]{subsubsection.6.21.1.2}{\376\377\0006\000.\0002\0001\000.\0001\000.\0002\000\040\000e\000n\000t\000r\000y\000A\000d\000d\000R\000a\000t\000i\000n\000g\000s\000\050\000\051}{subsection.6.21.1}% 241
\BOOKMARK [1][-]{section.6.22}{\376\377\0006\000.\0002\0002\000\040\000t\000i\000m\000e\000r\000T\000e\000s\000t\000\040\000N\000a\000m\000e\000s\000p\000a\000c\000e\000\040\000R\000e\000f\000e\000r\000e\000n\000c\000e}{chapter.6}% 242
\BOOKMARK [2][-]{subsection.6.22.1}{\376\377\0006\000.\0002\0002\000.\0001\000\040\000V\000a\000r\000i\000a\000b\000l\000e\000\040\000D\000o\000c\000u\000m\000e\000n\000t\000a\000t\000i\000o\000n}{section.6.22}% 243
\BOOKMARK [3][-]{subsubsection.6.22.1.1}{\376\377\0006\000.\0002\0002\000.\0001\000.\0001\000\040\000a\000l\000i\000s\000t}{subsection.6.22.1}% 244
\BOOKMARK [3][-]{subsubsection.6.22.1.2}{\376\377\0006\000.\0002\0002\000.\0001\000.\0002\000\040\000f\000e\000e\000d\000D\000a\000t\000a}{subsection.6.22.1}% 245
\BOOKMARK [3][-]{subsubsection.6.22.1.3}{\376\377\0006\000.\0002\0002\000.\0001\000.\0003\000\040\000f\000l\000r\000t\000i\000m\000e\000s\000\137\000i\000s\000o}{subsection.6.22.1}% 246
\BOOKMARK [3][-]{subsubsection.6.22.1.4}{\376\377\0006\000.\0002\0002\000.\0001\000.\0004\000\040\000f\000l\000r\000t\000i\000m\000e\000s\000\137\000u\000n\000i\000x}{subsection.6.22.1}% 247
\BOOKMARK [3][-]{subsubsection.6.22.1.5}{\376\377\0006\000.\0002\0002\000.\0001\000.\0005\000\040\000i\000t\000e\000m\000s\000P\000e\000r\000F\000e\000e\000d}{subsection.6.22.1}% 248
\BOOKMARK [3][-]{subsubsection.6.22.1.6}{\376\377\0006\000.\0002\0002\000.\0001\000.\0006\000\040\000m\000a\000i\000n\000c\000f}{subsection.6.22.1}% 249
\BOOKMARK [3][-]{subsubsection.6.22.1.7}{\376\377\0006\000.\0002\0002\000.\0001\000.\0007\000\040\000m\000c\000f\000d\000a\000t\000a}{subsection.6.22.1}% 250
\BOOKMARK [3][-]{subsubsection.6.22.1.8}{\376\377\0006\000.\0002\0002\000.\0001\000.\0008\000\040\000n\000u\000m\000f\000e\000e\000d\000s}{subsection.6.22.1}% 251
\BOOKMARK [3][-]{subsubsection.6.22.1.9}{\376\377\0006\000.\0002\0002\000.\0001\000.\0009\000\040\000n\000u\000m\000f\000e\000e\000d\000S\000t\000a\000t\000e}{subsection.6.22.1}% 252
\BOOKMARK [3][-]{subsubsection.6.22.1.10}{\376\377\0006\000.\0002\0002\000.\0001\000.\0001\0000\000\040\000p\000f\000l\000r\000t\000i\000m\000e\000s\000\137\000i}{subsection.6.22.1}% 253
\BOOKMARK [3][-]{subsubsection.6.22.1.11}{\376\377\0006\000.\0002\0002\000.\0001\000.\0001\0001\000\040\000p\000f\000l\000r\000t\000i\000m\000e\000s\000\137\000u}{subsection.6.22.1}% 254
\BOOKMARK [3][-]{subsubsection.6.22.1.12}{\376\377\0006\000.\0002\0002\000.\0001\000.\0001\0002\000\040\000s\000c\000i\000n\000f\000o}{subsection.6.22.1}% 255
\BOOKMARK [3][-]{subsubsection.6.22.1.13}{\376\377\0006\000.\0002\0002\000.\0001\000.\0001\0003\000\040\000s\000t\000a\000t\000e\000c\000f}{subsection.6.22.1}% 256
\BOOKMARK [0][-]{chapter.7}{\376\377\0007\000\040\000C\000l\000a\000s\000s\000\040\000D\000o\000c\000u\000m\000e\000n\000t\000a\000t\000i\000o\000n}{}% 257
\BOOKMARK [1][-]{section.7.1}{\376\377\0007\000.\0001\000\040\000c\000l\000a\000s\000s\000f\000o\000o\000.\000A\000\040\000C\000l\000a\000s\000s\000\040\000R\000e\000f\000e\000r\000e\000n\000c\000e}{chapter.7}% 258
\BOOKMARK [2][-]{subsection.7.1.1}{\376\377\0007\000.\0001\000.\0001\000\040\000C\000o\000n\000s\000t\000r\000u\000c\000t\000o\000r\000\040\000\046\000\040\000D\000e\000s\000t\000r\000u\000c\000t\000o\000r\000\040\000D\000o\000c\000u\000m\000e\000n\000t\000a\000t\000i\000o\000n}{section.7.1}% 259
\BOOKMARK [3][-]{subsubsection.7.1.1.1}{\376\377\0007\000.\0001\000.\0001\000.\0001\000\040\000\137\000\137\000i\000n\000i\000t\000\137\000\137\000\050\000\051}{subsection.7.1.1}% 260
\BOOKMARK [2][-]{subsection.7.1.2}{\376\377\0007\000.\0001\000.\0002\000\040\000M\000e\000m\000b\000e\000r\000\040\000F\000u\000n\000c\000t\000i\000o\000n\000\040\000D\000o\000c\000u\000m\000e\000n\000t\000a\000t\000i\000o\000n}{section.7.1}% 261
\BOOKMARK [3][-]{subsubsection.7.1.2.1}{\376\377\0007\000.\0001\000.\0002\000.\0001\000\040\000p\000r\000i\000n\000t\000\050\000\051}{subsection.7.1.2}% 262
\BOOKMARK [2][-]{subsection.7.1.3}{\376\377\0007\000.\0001\000.\0003\000\040\000M\000e\000m\000b\000e\000r\000\040\000D\000a\000t\000a\000\040\000D\000o\000c\000u\000m\000e\000n\000t\000a\000t\000i\000o\000n}{section.7.1}% 263
\BOOKMARK [3][-]{subsubsection.7.1.3.1}{\376\377\0007\000.\0001\000.\0003\000.\0001\000\040\000v\000a\000l\000u\000e}{subsection.7.1.3}% 264
\BOOKMARK [3][-]{subsubsection.7.1.3.2}{\376\377\0007\000.\0001\000.\0003\000.\0002\000\040\000v\000a\000l\000u\000e\0002}{subsection.7.1.3}% 265
\BOOKMARK [1][-]{section.7.2}{\376\377\0007\000.\0002\000\040\000c\000l\000a\000s\000s\000f\000o\000o\000.\000B\000\040\000C\000l\000a\000s\000s\000\040\000R\000e\000f\000e\000r\000e\000n\000c\000e}{chapter.7}% 266
\BOOKMARK [2][-]{subsection.7.2.1}{\376\377\0007\000.\0002\000.\0001\000\040\000C\000o\000n\000s\000t\000r\000u\000c\000t\000o\000r\000\040\000\046\000\040\000D\000e\000s\000t\000r\000u\000c\000t\000o\000r\000\040\000D\000o\000c\000u\000m\000e\000n\000t\000a\000t\000i\000o\000n}{section.7.2}% 267
\BOOKMARK [3][-]{subsubsection.7.2.1.1}{\376\377\0007\000.\0002\000.\0001\000.\0001\000\040\000\137\000\137\000i\000n\000i\000t\000\137\000\137\000\050\000\051}{subsection.7.2.1}% 268
\BOOKMARK [1][-]{section.7.3}{\376\377\0007\000.\0003\000\040\000F\000e\000d\000i\000F\000e\000e\000d\000E\000n\000t\000r\000i\000e\000s\000.\000B\000R\000O\000K\000E\000N\000M\000i\000d\000d\000l\000e\000Q\000u\000e\000u\000e\000\040\000C\000l\000a\000s\000s\000\040\000R\000e\000f\000e\000r\000e\000n\000c\000e}{chapter.7}% 269
\BOOKMARK [2][-]{subsection.7.3.1}{\376\377\0007\000.\0003\000.\0001\000\040\000C\000o\000n\000s\000t\000r\000u\000c\000t\000o\000r\000\040\000\046\000\040\000D\000e\000s\000t\000r\000u\000c\000t\000o\000r\000\040\000D\000o\000c\000u\000m\000e\000n\000t\000a\000t\000i\000o\000n}{section.7.3}% 270
\BOOKMARK [3][-]{subsubsection.7.3.1.1}{\376\377\0007\000.\0003\000.\0001\000.\0001\000\040\000\137\000\137\000i\000n\000i\000t\000\137\000\137\000\050\000\051}{subsection.7.3.1}% 271
\BOOKMARK [2][-]{subsection.7.3.2}{\376\377\0007\000.\0003\000.\0002\000\040\000M\000e\000m\000b\000e\000r\000\040\000F\000u\000n\000c\000t\000i\000o\000n\000\040\000D\000o\000c\000u\000m\000e\000n\000t\000a\000t\000i\000o\000n}{section.7.3}% 272
\BOOKMARK [3][-]{subsubsection.7.3.2.1}{\376\377\0007\000.\0003\000.\0002\000.\0001\000\040\000i\000n\000s\000e\000r\000t\000r\000\050\000\051}{subsection.7.3.2}% 273
\BOOKMARK [3][-]{subsubsection.7.3.2.2}{\376\377\0007\000.\0003\000.\0002\000.\0002\000\040\000j\000s\000o\000n\000\050\000\051}{subsection.7.3.2}% 274
\BOOKMARK [3][-]{subsubsection.7.3.2.3}{\376\377\0007\000.\0003\000.\0002\000.\0003\000\040\000q\000p\000r\000i\000n\000t\000\050\000\051}{subsection.7.3.2}% 275
\BOOKMARK [2][-]{subsection.7.3.3}{\376\377\0007\000.\0003\000.\0003\000\040\000M\000e\000m\000b\000e\000r\000\040\000D\000a\000t\000a\000\040\000D\000o\000c\000u\000m\000e\000n\000t\000a\000t\000i\000o\000n}{section.7.3}% 276
\BOOKMARK [3][-]{subsubsection.7.3.3.1}{\376\377\0007\000.\0003\000.\0003\000.\0001\000\040\000f\000e\000d\000i\000q\000u\000e\000u\000e}{subsection.7.3.3}% 277
\BOOKMARK [1][-]{section.7.4}{\376\377\0007\000.\0004\000\040\000F\000e\000d\000i\000F\000e\000e\000d\000E\000n\000t\000r\000i\000e\000s\000.\000F\000e\000d\000F\000e\000e\000d\000E\000n\000t\000r\000y\000\040\000C\000l\000a\000s\000s\000\040\000R\000e\000f\000e\000r\000e\000n\000c\000e}{chapter.7}% 278
\BOOKMARK [2][-]{subsection.7.4.1}{\376\377\0007\000.\0004\000.\0001\000\040\000C\000o\000n\000s\000t\000r\000u\000c\000t\000o\000r\000\040\000\046\000\040\000D\000e\000s\000t\000r\000u\000c\000t\000o\000r\000\040\000D\000o\000c\000u\000m\000e\000n\000t\000a\000t\000i\000o\000n}{section.7.4}% 279
\BOOKMARK [3][-]{subsubsection.7.4.1.1}{\376\377\0007\000.\0004\000.\0001\000.\0001\000\040\000\137\000\137\000i\000n\000i\000t\000\137\000\137\000\050\000\051}{subsection.7.4.1}% 280
\BOOKMARK [2][-]{subsection.7.4.2}{\376\377\0007\000.\0004\000.\0002\000\040\000M\000e\000m\000b\000e\000r\000\040\000F\000u\000n\000c\000t\000i\000o\000n\000\040\000D\000o\000c\000u\000m\000e\000n\000t\000a\000t\000i\000o\000n}{section.7.4}% 281
\BOOKMARK [3][-]{subsubsection.7.4.2.1}{\376\377\0007\000.\0004\000.\0002\000.\0001\000\040\000c\000h\000e\000c\000k\000E\000n\000t\000r\000y\0002\000P\000u\000b\000\050\000\051}{subsection.7.4.2}% 282
\BOOKMARK [3][-]{subsubsection.7.4.2.2}{\376\377\0007\000.\0004\000.\0002\000.\0002\000\040\000e\000x\000g\000e\000s\000t\000\050\000\051}{subsection.7.4.2}% 283
\BOOKMARK [3][-]{subsubsection.7.4.2.3}{\376\377\0007\000.\0004\000.\0002\000.\0003\000\040\000i\000n\000g\000e\000s\000t\000\050\000\051}{subsection.7.4.2}% 284
\BOOKMARK [3][-]{subsubsection.7.4.2.4}{\376\377\0007\000.\0004\000.\0002\000.\0004\000\040\000j\000s\000o\000n\000\050\000\051}{subsection.7.4.2}% 285
\BOOKMARK [3][-]{subsubsection.7.4.2.5}{\376\377\0007\000.\0004\000.\0002\000.\0005\000\040\000M\000a\000r\000k\000E\000n\000t\000r\000y\0002\000P\000u\000b\000\050\000\051}{subsection.7.4.2}% 286
\BOOKMARK [2][-]{subsection.7.4.3}{\376\377\0007\000.\0004\000.\0003\000\040\000M\000e\000m\000b\000e\000r\000\040\000D\000a\000t\000a\000\040\000D\000o\000c\000u\000m\000e\000n\000t\000a\000t\000i\000o\000n}{section.7.4}% 287
\BOOKMARK [3][-]{subsubsection.7.4.3.1}{\376\377\0007\000.\0004\000.\0003\000.\0001\000\040\000f\000e\000d\000i\000e\000n\000t\000r\000y}{subsection.7.4.3}% 288
\BOOKMARK [1][-]{section.7.5}{\376\377\0007\000.\0005\000\040\000h\000e\000a\000v\000y\000\137\000l\000i\000f\000t\000i\000n\000g\000.\000F\000e\000e\000d\000E\000n\000t\000r\000i\000e\000s\000F\000i\000x\000\040\000C\000l\000a\000s\000s\000\040\000R\000e\000f\000e\000r\000e\000n\000c\000e}{chapter.7}% 289
\BOOKMARK [2][-]{subsection.7.5.1}{\376\377\0007\000.\0005\000.\0001\000\040\000C\000o\000n\000s\000t\000r\000u\000c\000t\000o\000r\000\040\000\046\000\040\000D\000e\000s\000t\000r\000u\000c\000t\000o\000r\000\040\000D\000o\000c\000u\000m\000e\000n\000t\000a\000t\000i\000o\000n}{section.7.5}% 290
\BOOKMARK [3][-]{subsubsection.7.5.1.1}{\376\377\0007\000.\0005\000.\0001\000.\0001\000\040\000\137\000\137\000i\000n\000i\000t\000\137\000\137\000\050\000\051}{subsection.7.5.1}% 291
\BOOKMARK [2][-]{subsection.7.5.2}{\376\377\0007\000.\0005\000.\0002\000\040\000M\000e\000m\000b\000e\000r\000\040\000F\000u\000n\000c\000t\000i\000o\000n\000\040\000D\000o\000c\000u\000m\000e\000n\000t\000a\000t\000i\000o\000n}{section.7.5}% 292
\BOOKMARK [3][-]{subsubsection.7.5.2.1}{\376\377\0007\000.\0005\000.\0002\000.\0001\000\040\000e\000c\000h\000o\000\050\000\051}{subsection.7.5.2}% 293
\BOOKMARK [3][-]{subsubsection.7.5.2.2}{\376\377\0007\000.\0005\000.\0002\000.\0002\000\040\000p\000r\000i\000n\000t\000\050\000\051}{subsection.7.5.2}% 294
\BOOKMARK [2][-]{subsection.7.5.3}{\376\377\0007\000.\0005\000.\0003\000\040\000M\000e\000m\000b\000e\000r\000\040\000D\000a\000t\000a\000\040\000D\000o\000c\000u\000m\000e\000n\000t\000a\000t\000i\000o\000n}{section.7.5}% 295
\BOOKMARK [3][-]{subsubsection.7.5.3.1}{\376\377\0007\000.\0005\000.\0003\000.\0001\000\040\000p\0002\000f\000i\000x}{subsection.7.5.3}% 296
\BOOKMARK [1][-]{section.7.6}{\376\377\0007\000.\0006\000\040\000h\000e\000a\000v\000y\000\137\000l\000i\000f\000t\000i\000n\000g\000.\000F\000e\000e\000d\000E\000n\000t\000r\000i\000e\000s\000M\000a\000s\000h\000\040\000C\000l\000a\000s\000s\000\040\000R\000e\000f\000e\000r\000e\000n\000c\000e}{chapter.7}% 297
\BOOKMARK [2][-]{subsection.7.6.1}{\376\377\0007\000.\0006\000.\0001\000\040\000M\000e\000m\000b\000e\000r\000\040\000F\000u\000n\000c\000t\000i\000o\000n\000\040\000D\000o\000c\000u\000m\000e\000n\000t\000a\000t\000i\000o\000n}{section.7.6}% 298
\BOOKMARK [3][-]{subsubsection.7.6.1.1}{\376\377\0007\000.\0006\000.\0001\000.\0001\000\040\000d\000d\000d\000d\000M\000e\000d\000i\000a\000C\000o\000n\000t\000e\000n\000t\000H\000a\000n\000d\000l\000e\000\050\000\051}{subsection.7.6.1}% 299
\BOOKMARK [3][-]{subsubsection.7.6.1.2}{\376\377\0007\000.\0006\000.\0001\000.\0002\000\040\000D\000E\000A\000D\000M\000a\000p\0004\000S\000i\000m\000p\000l\000i\000f\000y\000\050\000\051}{subsection.7.6.1}% 300
\BOOKMARK [3][-]{subsubsection.7.6.1.3}{\376\377\0007\000.\0006\000.\0001\000.\0003\000\040\000D\000E\000A\000D\000S\000e\000n\000s\000i\000t\000i\000v\000e\000\137\000P\000o\000s\000t\000\137\000D\000e\000t\000e\000c\000t\000\050\000\051}{subsection.7.6.1}% 301
\BOOKMARK [3][-]{subsubsection.7.6.1.4}{\376\377\0007\000.\0006\000.\0001\000.\0004\000\040\000D\000E\000A\000D\000S\000i\000m\000p\000l\000i\000f\000y\000\050\000\051}{subsection.7.6.1}% 302
\BOOKMARK [3][-]{subsubsection.7.6.1.5}{\376\377\0007\000.\0006\000.\0001\000.\0005\000\040\000D\000E\000l\000C\000o\000m\000p\000u\000t\000e\000N\000u\000m\000O\000u\000t\000b\000o\000u\000n\000d\000\050\000\051}{subsection.7.6.1}% 303
\BOOKMARK [3][-]{subsubsection.7.6.1.6}{\376\377\0007\000.\0006\000.\0001\000.\0006\000\040\000D\000E\000L\000E\000T\000E\000M\000a\000b\000y\000e\000W\000h\000i\000c\000h\000E\000n\000t\000r\000i\000e\000s\0002\000P\000u\000b\000\050\000\051}{subsection.7.6.1}% 304
\BOOKMARK [3][-]{subsubsection.7.6.1.7}{\376\377\0007\000.\0006\000.\0001\000.\0007\000\040\000D\000E\000L\000E\000T\000E\000M\000e\000d\000i\000a\000C\000o\000n\000t\000e\000n\000t\000A\000t\000t\000a\000c\000h\000\050\000\051}{subsection.7.6.1}% 305
\BOOKMARK [3][-]{subsubsection.7.6.1.8}{\376\377\0007\000.\0006\000.\0001\000.\0008\000\040\000D\000E\000L\000E\000T\000E\000M\000e\000d\000i\000a\000C\000o\000n\000t\000e\000n\000t\000A\000t\000t\000a\000c\000h\000A\000l\000t\000T\000e\000x\000t\000\050\000\051}{subsection.7.6.1}% 306
\BOOKMARK [1][-]{section.7.7}{\376\377\0007\000.\0007\000\040\000h\000e\000a\000v\000y\000\137\000l\000i\000f\000t\000i\000n\000g\000.\000F\000e\000t\000c\000h\000F\000e\000e\000d\000s\000\040\000C\000l\000a\000s\000s\000\040\000R\000e\000f\000e\000r\000e\000n\000c\000e}{chapter.7}% 307
\BOOKMARK [2][-]{subsection.7.7.1}{\376\377\0007\000.\0007\000.\0001\000\040\000D\000e\000t\000a\000i\000l\000e\000d\000\040\000D\000e\000s\000c\000r\000i\000p\000t\000i\000o\000n}{section.7.7}% 308
\BOOKMARK [2][-]{subsection.7.7.2}{\376\377\0007\000.\0007\000.\0002\000\040\000M\000e\000m\000b\000e\000r\000\040\000F\000u\000n\000c\000t\000i\000o\000n\000\040\000D\000o\000c\000u\000m\000e\000n\000t\000a\000t\000i\000o\000n}{section.7.7}% 309
\BOOKMARK [3][-]{subsubsection.7.7.2.1}{\376\377\0007\000.\0007\000.\0002\000.\0001\000\040\000e\000n\000u\000m\000e\000r\000a\000t\000e\000\137\000f\000e\000e\000d\000\137\000i\000t\000e\000m\000s\000\050\000\051}{subsection.7.7.2}% 310
\BOOKMARK [3][-]{subsubsection.7.7.2.2}{\376\377\0007\000.\0007\000.\0002\000.\0002\000\040\000f\000e\000e\000d\000H\000a\000n\000d\000l\000e\000F\000e\000t\000c\000h\000S\000o\000r\000t\000\050\000\051}{subsection.7.7.2}% 311
\BOOKMARK [3][-]{subsubsection.7.7.2.3}{\376\377\0007\000.\0007\000.\0002\000.\0003\000\040\000f\000e\000t\000c\000h\000\137\000f\000e\000e\000d\000\050\000\051}{subsection.7.7.2}% 312
\BOOKMARK [3][-]{subsubsection.7.7.2.4}{\376\377\0007\000.\0007\000.\0002\000.\0004\000\040\000f\000i\000n\000d\000\137\000f\000e\000e\000d\000s\000\050\000\051}{subsection.7.7.2}% 313
\BOOKMARK [3][-]{subsubsection.7.7.2.5}{\376\377\0007\000.\0007\000.\0002\000.\0005\000\040\000s\000o\000r\000t\000\137\000e\000n\000t\000r\000i\000e\000s\000\050\000\051}{subsection.7.7.2}% 314
\BOOKMARK [1][-]{section.7.8}{\376\377\0007\000.\0008\000\040\000F\000e\000d\000i\000F\000e\000e\000d\000E\000n\000t\000r\000i\000e\000s\000.\000H\000o\000l\000d\000e\000r\000F\000e\000d\000F\000e\000e\000d\000\040\000C\000l\000a\000s\000s\000\040\000R\000e\000f\000e\000r\000e\000n\000c\000e}{chapter.7}% 315
\BOOKMARK [2][-]{subsection.7.8.1}{\376\377\0007\000.\0008\000.\0001\000\040\000C\000o\000n\000s\000t\000r\000u\000c\000t\000o\000r\000\040\000\046\000\040\000D\000e\000s\000t\000r\000u\000c\000t\000o\000r\000\040\000D\000o\000c\000u\000m\000e\000n\000t\000a\000t\000i\000o\000n}{section.7.8}% 316
\BOOKMARK [3][-]{subsubsection.7.8.1.1}{\376\377\0007\000.\0008\000.\0001\000.\0001\000\040\000\137\000\137\000i\000n\000i\000t\000\137\000\137\000\050\000\051}{subsection.7.8.1}% 317
\BOOKMARK [2][-]{subsection.7.8.2}{\376\377\0007\000.\0008\000.\0002\000\040\000M\000e\000m\000b\000e\000r\000\040\000F\000u\000n\000c\000t\000i\000o\000n\000\040\000D\000o\000c\000u\000m\000e\000n\000t\000a\000t\000i\000o\000n}{section.7.8}% 318
\BOOKMARK [3][-]{subsubsection.7.8.2.1}{\376\377\0007\000.\0008\000.\0002\000.\0001\000\040\000c\000h\000e\000c\000k\000n\000u\000m\000f\000e\000e\000d\000s\000\137\000e\000x\000\050\000\051}{subsection.7.8.2}% 319
\BOOKMARK [3][-]{subsubsection.7.8.2.2}{\376\377\0007\000.\0008\000.\0002\000.\0002\000\040\000c\000h\000e\000c\000k\000n\000u\000m\000f\000e\000e\000d\000s\000\137\000i\000n\000\050\000\051}{subsection.7.8.2}% 320
\BOOKMARK [3][-]{subsubsection.7.8.2.3}{\376\377\0007\000.\0008\000.\0002\000.\0003\000\040\000c\000o\000n\000c\000a\000t\000F\000e\000e\000d\000s\000\050\000\051}{subsection.7.8.2}% 321
\BOOKMARK [3][-]{subsubsection.7.8.2.4}{\376\377\0007\000.\0008\000.\0002\000.\0004\000\040\000D\000E\000E\000L\000E\000T\000E\000d\000o\000r\000k\000c\000o\000m\000p\000u\000t\000e\000T\000r\000u\000e\000\050\000\051}{subsection.7.8.2}% 322
\BOOKMARK [3][-]{subsubsection.7.8.2.5}{\376\377\0007\000.\0008\000.\0002\000.\0005\000\040\000e\000x\000g\000e\000s\000t\000\050\000\051}{subsection.7.8.2}% 323
\BOOKMARK [3][-]{subsubsection.7.8.2.6}{\376\377\0007\000.\0008\000.\0002\000.\0006\000\040\000e\000x\000p\000o\000r\000t\000F\000e\000e\000d\000s\000\050\000\051}{subsection.7.8.2}% 324
\BOOKMARK [3][-]{subsubsection.7.8.2.7}{\376\377\0007\000.\0008\000.\0002\000.\0007\000\040\000f\000e\000e\000d\000c\000o\000u\000n\000t\000s\000\050\000\051}{subsection.7.8.2}% 325
\BOOKMARK [3][-]{subsubsection.7.8.2.8}{\376\377\0007\000.\0008\000.\0002\000.\0008\000\040\000j\000s\000o\000n\000\050\000\051}{subsection.7.8.2}% 326
\BOOKMARK [3][-]{subsubsection.7.8.2.9}{\376\377\0007\000.\0008\000.\0002\000.\0009\000\040\000n\000e\000w\000Q\000u\000e\000u\000e\000\050\000\051}{subsection.7.8.2}% 327
\BOOKMARK [3][-]{subsubsection.7.8.2.10}{\376\377\0007\000.\0008\000.\0002\000.\0001\0000\000\040\000n\000e\000w\000Q\000u\000e\000u\000e\000E\000x\000g\000e\000s\000t\000\050\000\051}{subsection.7.8.2}% 328
\BOOKMARK [3][-]{subsubsection.7.8.2.11}{\376\377\0007\000.\0008\000.\0002\000.\0001\0001\000\040\000s\000o\000r\000t\000\137\000e\000n\000t\000r\000i\000e\000s\000\050\000\051}{subsection.7.8.2}% 329
\BOOKMARK [2][-]{subsection.7.8.3}{\376\377\0007\000.\0008\000.\0003\000\040\000M\000e\000m\000b\000e\000r\000\040\000D\000a\000t\000a\000\040\000D\000o\000c\000u\000m\000e\000n\000t\000a\000t\000i\000o\000n}{section.7.8}% 330
\BOOKMARK [3][-]{subsubsection.7.8.3.1}{\376\377\0007\000.\0008\000.\0003\000.\0001\000\040\000A\000m\000F\000e\000e\000d\000s}{subsection.7.8.3}% 331
\BOOKMARK [3][-]{subsubsection.7.8.3.2}{\376\377\0007\000.\0008\000.\0003\000.\0002\000\040\000c\000o\000u\000n\000t\000e\000r}{subsection.7.8.3}% 332
\BOOKMARK [3][-]{subsubsection.7.8.3.3}{\376\377\0007\000.\0008\000.\0003\000.\0003\000\040\000f\000e\000e\000d\000Q}{subsection.7.8.3}% 333
\BOOKMARK [3][-]{subsubsection.7.8.3.4}{\376\377\0007\000.\0008\000.\0003\000.\0004\000\040\000f\000e\000e\000d\000s}{subsection.7.8.3}% 334
\BOOKMARK [3][-]{subsubsection.7.8.3.5}{\376\377\0007\000.\0008\000.\0003\000.\0005\000\040\000n\000u\000m\000t\000r\000u\000e}{subsection.7.8.3}% 335
\BOOKMARK [3][-]{subsubsection.7.8.3.6}{\376\377\0007\000.\0008\000.\0003\000.\0006\000\040\000U\000n\000i\000F\000e\000e\000d}{subsection.7.8.3}% 336
\BOOKMARK [1][-]{section.7.9}{\376\377\0007\000.\0009\000\040\000c\000o\000n\000f\000i\000g\000\137\000f\000e\000e\000d\000\137\000o\000b\000j\000s\000m\000e\000t\000h\000.\000M\000a\000i\000n\000C\000o\000n\000f\000i\000g\000I\000n\000f\000o\000\040\000C\000l\000a\000s\000s\000\040\000R\000e\000f\000e\000r\000e\000n\000c\000e}{chapter.7}% 337
\BOOKMARK [2][-]{subsection.7.9.1}{\376\377\0007\000.\0009\000.\0001\000\040\000D\000e\000t\000a\000i\000l\000e\000d\000\040\000D\000e\000s\000c\000r\000i\000p\000t\000i\000o\000n}{section.7.9}% 338
\BOOKMARK [2][-]{subsection.7.9.2}{\376\377\0007\000.\0009\000.\0002\000\040\000C\000o\000n\000s\000t\000r\000u\000c\000t\000o\000r\000\040\000\046\000\040\000D\000e\000s\000t\000r\000u\000c\000t\000o\000r\000\040\000D\000o\000c\000u\000m\000e\000n\000t\000a\000t\000i\000o\000n}{section.7.9}% 339
\BOOKMARK [3][-]{subsubsection.7.9.2.1}{\376\377\0007\000.\0009\000.\0002\000.\0001\000\040\000\137\000\137\000i\000n\000i\000t\000\137\000\137\000\050\000\051}{subsection.7.9.2}% 340
\BOOKMARK [2][-]{subsection.7.9.3}{\376\377\0007\000.\0009\000.\0003\000\040\000M\000e\000m\000b\000e\000r\000\040\000F\000u\000n\000c\000t\000i\000o\000n\000\040\000D\000o\000c\000u\000m\000e\000n\000t\000a\000t\000i\000o\000n}{section.7.9}% 341
\BOOKMARK [3][-]{subsubsection.7.9.3.1}{\376\377\0007\000.\0009\000.\0003\000.\0001\000\040\000c\000h\000e\000c\000k\000\137\000f\000e\000e\000d\000\137\000n\000u\000m\000s\000\050\000\051}{subsection.7.9.3}% 342
\BOOKMARK [3][-]{subsubsection.7.9.3.2}{\376\377\0007\000.\0009\000.\0003\000.\0002\000\040\000c\000r\000e\000a\000t\000e\000\050\000\051}{subsection.7.9.3}% 343
\BOOKMARK [3][-]{subsubsection.7.9.3.3}{\376\377\0007\000.\0009\000.\0003\000.\0003\000\040\000r\000e\000a\000d\000\050\000\051}{subsection.7.9.3}% 344
\BOOKMARK [3][-]{subsubsection.7.9.3.4}{\376\377\0007\000.\0009\000.\0003\000.\0004\000\040\000s\000t\000a\000t\000e\000\137\000f\000n\000a\000m\000e\000\050\000\051}{subsection.7.9.3}% 345
\BOOKMARK [3][-]{subsubsection.7.9.3.5}{\376\377\0007\000.\0009\000.\0003\000.\0005\000\040\000w\000r\000i\000t\000e\000\050\000\051}{subsection.7.9.3}% 346
\BOOKMARK [2][-]{subsection.7.9.4}{\376\377\0007\000.\0009\000.\0004\000\040\000M\000e\000m\000b\000e\000r\000\040\000D\000a\000t\000a\000\040\000D\000o\000c\000u\000m\000e\000n\000t\000a\000t\000i\000o\000n}{section.7.9}% 347
\BOOKMARK [3][-]{subsubsection.7.9.4.1}{\376\377\0007\000.\0009\000.\0004\000.\0001\000\040\000c\000o\000n\000f\000i\000g\000\137\000d\000a\000t\000a}{subsection.7.9.4}% 348
\BOOKMARK [3][-]{subsubsection.7.9.4.2}{\376\377\0007\000.\0009\000.\0004\000.\0002\000\040\000f\000i\000l\000e\000\137\000n\000a\000m\000e}{subsection.7.9.4}% 349
\BOOKMARK [3][-]{subsubsection.7.9.4.3}{\376\377\0007\000.\0009\000.\0004\000.\0003\000\040\000s\000t\000a\000t\000e\000\137\000f\000i\000l\000e}{subsection.7.9.4}% 350
\BOOKMARK [1][-]{section.7.10}{\376\377\0007\000.\0001\0000\000\040\000h\000e\000a\000v\000y\000\137\000l\000i\000f\000t\000i\000n\000g\000.\000M\000a\000i\000n\000C\000o\000n\000f\000i\000g\000I\000n\000f\000o\000\040\000C\000l\000a\000s\000s\000\040\000R\000e\000f\000e\000r\000e\000n\000c\000e}{chapter.7}% 351
\BOOKMARK [2][-]{subsection.7.10.1}{\376\377\0007\000.\0001\0000\000.\0001\000\040\000D\000e\000t\000a\000i\000l\000e\000d\000\040\000D\000e\000s\000c\000r\000i\000p\000t\000i\000o\000n}{section.7.10}% 352
\BOOKMARK [2][-]{subsection.7.10.2}{\376\377\0007\000.\0001\0000\000.\0002\000\040\000M\000e\000m\000b\000e\000r\000\040\000F\000u\000n\000c\000t\000i\000o\000n\000\040\000D\000o\000c\000u\000m\000e\000n\000t\000a\000t\000i\000o\000n}{section.7.10}% 353
\BOOKMARK [3][-]{subsubsection.7.10.2.1}{\376\377\0007\000.\0001\0000\000.\0002\000.\0001\000\040\000c\000h\000e\000c\000k\000\137\000f\000e\000e\000d\000\137\000n\000u\000m\000s\000\050\000\051}{subsection.7.10.2}% 354
\BOOKMARK [3][-]{subsubsection.7.10.2.2}{\376\377\0007\000.\0001\0000\000.\0002\000.\0002\000\040\000c\000r\000e\000a\000t\000e\000\050\000\051}{subsection.7.10.2}% 355
\BOOKMARK [3][-]{subsubsection.7.10.2.3}{\376\377\0007\000.\0001\0000\000.\0002\000.\0003\000\040\000r\000e\000a\000d\000\050\000\051}{subsection.7.10.2}% 356
\BOOKMARK [1][-]{section.7.11}{\376\377\0007\000.\0001\0001\000\040\000h\000e\000a\000v\000y\000\137\000l\000i\000f\000t\000i\000n\000g\000.\000M\000a\000i\000n\000S\000t\000a\000t\000e\000C\000o\000n\000s\000i\000s\000t\000e\000n\000c\000y\000\040\000C\000l\000a\000s\000s\000\040\000R\000e\000f\000e\000r\000e\000n\000c\000e}{chapter.7}% 357
\BOOKMARK [2][-]{subsection.7.11.1}{\376\377\0007\000.\0001\0001\000.\0001\000\040\000D\000e\000t\000a\000i\000l\000e\000d\000\040\000D\000e\000s\000c\000r\000i\000p\000t\000i\000o\000n}{section.7.11}% 358
\BOOKMARK [2][-]{subsection.7.11.2}{\376\377\0007\000.\0001\0001\000.\0002\000\040\000M\000e\000m\000b\000e\000r\000\040\000F\000u\000n\000c\000t\000i\000o\000n\000\040\000D\000o\000c\000u\000m\000e\000n\000t\000a\000t\000i\000o\000n}{section.7.11}% 359
\BOOKMARK [3][-]{subsubsection.7.11.2.1}{\376\377\0007\000.\0001\0001\000.\0002\000.\0001\000\040\000f\000e\000e\000d\000s\000\050\000\051}{subsection.7.11.2}% 360
\BOOKMARK [3][-]{subsubsection.7.11.2.2}{\376\377\0007\000.\0001\0001\000.\0002\000.\0002\000\040\000o\000p\000e\000n\000\137\000r\000e\000a\000d\000\137\000m\000c\000o\000n\000f\000i\000g\000\050\000\051}{subsection.7.11.2}% 361
\BOOKMARK [1][-]{section.7.12}{\376\377\0007\000.\0001\0002\000\040\000h\000e\000a\000v\000y\000\137\000l\000i\000f\000t\000i\000n\000g\000.\000M\000e\000d\000i\000a\000M\000a\000s\000s\000a\000g\000e\000\040\000C\000l\000a\000s\000s\000\040\000R\000e\000f\000e\000r\000e\000n\000c\000e}{chapter.7}% 362
\BOOKMARK [2][-]{subsection.7.12.1}{\376\377\0007\000.\0001\0002\000.\0001\000\040\000D\000e\000t\000a\000i\000l\000e\000d\000\040\000D\000e\000s\000c\000r\000i\000p\000t\000i\000o\000n}{section.7.12}% 363
\BOOKMARK [2][-]{subsection.7.12.2}{\376\377\0007\000.\0001\0002\000.\0002\000\040\000M\000e\000m\000b\000e\000r\000\040\000F\000u\000n\000c\000t\000i\000o\000n\000\040\000D\000o\000c\000u\000m\000e\000n\000t\000a\000t\000i\000o\000n}{section.7.12}% 364
\BOOKMARK [3][-]{subsubsection.7.12.2.1}{\376\377\0007\000.\0001\0002\000.\0002\000.\0001\000\040\000C\000h\000e\000c\000k\000I\000m\000a\000g\000e\000S\000i\000z\000e\000\050\000\051}{subsection.7.12.2}% 365
\BOOKMARK [3][-]{subsubsection.7.12.2.2}{\376\377\0007\000.\0001\0002\000.\0002\000.\0002\000\040\000c\000r\000e\000a\000t\000e\000T\000m\000p\000D\000i\000r\000\050\000\051}{subsection.7.12.2}% 366
\BOOKMARK [3][-]{subsubsection.7.12.2.3}{\376\377\0007\000.\0001\0002\000.\0002\000.\0003\000\040\000r\000e\000m\000o\000t\000e\000I\000m\000a\000g\000e\000G\000e\000t\000\050\000\051}{subsection.7.12.2}% 367
\BOOKMARK [1][-]{section.7.13}{\376\377\0007\000.\0001\0003\000\040\000F\000e\000d\000i\000B\000s\000k\000y\000X\000w\000a\000l\000k\000.\000P\000o\000s\000t\000X\000w\000a\000l\000k\000\040\000C\000l\000a\000s\000s\000\040\000R\000e\000f\000e\000r\000e\000n\000c\000e}{chapter.7}% 368
\BOOKMARK [2][-]{subsection.7.13.1}{\376\377\0007\000.\0001\0003\000.\0001\000\040\000C\000o\000n\000s\000t\000r\000u\000c\000t\000o\000r\000\040\000\046\000\040\000D\000e\000s\000t\000r\000u\000c\000t\000o\000r\000\040\000D\000o\000c\000u\000m\000e\000n\000t\000a\000t\000i\000o\000n}{section.7.13}% 369
\BOOKMARK [3][-]{subsubsection.7.13.1.1}{\376\377\0007\000.\0001\0003\000.\0001\000.\0001\000\040\000\137\000\137\000i\000n\000i\000t\000\137\000\137\000\050\000\051}{subsection.7.13.1}% 370
\BOOKMARK [2][-]{subsection.7.13.2}{\376\377\0007\000.\0001\0003\000.\0002\000\040\000M\000e\000m\000b\000e\000r\000\040\000F\000u\000n\000c\000t\000i\000o\000n\000\040\000D\000o\000c\000u\000m\000e\000n\000t\000a\000t\000i\000o\000n}{section.7.13}% 371
\BOOKMARK [3][-]{subsubsection.7.13.2.1}{\376\377\0007\000.\0001\0003\000.\0002\000.\0001\000\040\000a\000d\000d\000B\000l\000o\000b\000F\000l\000a\000g\000\050\000\051}{subsection.7.13.2}% 372
\BOOKMARK [3][-]{subsubsection.7.13.2.2}{\376\377\0007\000.\0001\0003\000.\0002\000.\0002\000\040\000a\000d\000d\000B\000l\000o\000b\000I\000n\000f\000o\000\050\000\051}{subsection.7.13.2}% 373
\BOOKMARK [3][-]{subsubsection.7.13.2.3}{\376\377\0007\000.\0001\0003\000.\0002\000.\0003\000\040\000a\000d\000d\000D\000I\000D\000\050\000\051}{subsection.7.13.2}% 374
\BOOKMARK [3][-]{subsubsection.7.13.2.4}{\376\377\0007\000.\0001\0003\000.\0002\000.\0004\000\040\000a\000d\000d\000T\000e\000x\000t\000\050\000\051}{subsection.7.13.2}% 375
\BOOKMARK [3][-]{subsubsection.7.13.2.5}{\376\377\0007\000.\0001\0003\000.\0002\000.\0005\000\040\000a\000d\000d\000T\000e\000x\000t\000R\000a\000w\000\050\000\051}{subsection.7.13.2}% 376
\BOOKMARK [3][-]{subsubsection.7.13.2.6}{\376\377\0007\000.\0001\0003\000.\0002\000.\0006\000\040\000a\000d\000d\000T\000i\000m\000e\000\050\000\051}{subsection.7.13.2}% 377
\BOOKMARK [3][-]{subsubsection.7.13.2.7}{\376\377\0007\000.\0001\0003\000.\0002\000.\0007\000\040\000b\000E\000c\000h\000o\000\050\000\051}{subsection.7.13.2}% 378
\BOOKMARK [3][-]{subsubsection.7.13.2.8}{\376\377\0007\000.\0001\0003\000.\0002\000.\0008\000\040\000c\000h\000e\000c\000k\000B\000l\000o\000b\000F\000l\000a\000g\000\050\000\051}{subsection.7.13.2}% 379
\BOOKMARK [3][-]{subsubsection.7.13.2.9}{\376\377\0007\000.\0001\0003\000.\0002\000.\0009\000\040\000c\000h\000e\000c\000k\000S\000e\000n\000s\000i\000t\000i\000v\000e\000\050\000\051}{subsection.7.13.2}% 380
\BOOKMARK [3][-]{subsubsection.7.13.2.10}{\376\377\0007\000.\0001\0003\000.\0002\000.\0001\0000\000\040\000e\000c\000h\000o\000\050\000\051}{subsection.7.13.2}% 381
\BOOKMARK [3][-]{subsubsection.7.13.2.11}{\376\377\0007\000.\0001\0003\000.\0002\000.\0001\0001\000\040\000e\000x\000t\000e\000n\000d\000e\000d\000F\0002\000P\000m\000a\000p\000\050\000\051}{subsection.7.13.2}% 382
\BOOKMARK [3][-]{subsubsection.7.13.2.12}{\376\377\0007\000.\0001\0003\000.\0002\000.\0001\0002\000\040\000i\000g\000n\000o\000r\000e\000\050\000\051}{subsection.7.13.2}% 383
\BOOKMARK [3][-]{subsubsection.7.13.2.13}{\376\377\0007\000.\0001\0003\000.\0002\000.\0001\0003\000\040\000j\000s\000o\000n\000\050\000\051}{subsection.7.13.2}% 384
\BOOKMARK [3][-]{subsubsection.7.13.2.14}{\376\377\0007\000.\0001\0003\000.\0002\000.\0001\0004\000\040\000m\000a\000p\000p\000e\000r\000\137\000m\000a\000i\000n\000\050\000\051}{subsection.7.13.2}% 385
\BOOKMARK [3][-]{subsubsection.7.13.2.15}{\376\377\0007\000.\0001\0003\000.\0002\000.\0001\0005\000\040\000p\000r\000i\000n\000t\000\050\000\051}{subsection.7.13.2}% 386
\BOOKMARK [3][-]{subsubsection.7.13.2.16}{\376\377\0007\000.\0001\0003\000.\0002\000.\0001\0006\000\040\000s\000i\000m\000p\000l\000e\000\137\000p\000\137\000m\000a\000p\000\050\000\051}{subsection.7.13.2}% 387
\BOOKMARK [3][-]{subsubsection.7.13.2.17}{\376\377\0007\000.\0001\0003\000.\0002\000.\0001\0007\000\040\000s\000t\000r\000i\000n\000g\000s\000i\000z\000e\000\050\000\051}{subsection.7.13.2}% 388
\BOOKMARK [2][-]{subsection.7.13.3}{\376\377\0007\000.\0001\0003\000.\0003\000\040\000M\000e\000m\000b\000e\000r\000\040\000D\000a\000t\000a\000\040\000D\000o\000c\000u\000m\000e\000n\000t\000a\000t\000i\000o\000n}{section.7.13}% 389
\BOOKMARK [3][-]{subsubsection.7.13.3.1}{\376\377\0007\000.\0001\0003\000.\0003\000.\0001\000\040\000b\000l\000o\000b\000i\000n\000f\000o\000s}{subsection.7.13.3}% 390
\BOOKMARK [3][-]{subsubsection.7.13.3.2}{\376\377\0007\000.\0001\0003\000.\0003\000.\0002\000\040\000b\000p\000o\000s\000t}{subsection.7.13.3}% 391
\BOOKMARK [1][-]{section.7.14}{\376\377\0007\000.\0001\0004\000\040\000c\000o\000n\000f\000i\000g\000\137\000f\000e\000e\000d\000\137\000o\000b\000j\000s\000m\000e\000t\000h\000.\000S\000t\000a\000t\000e\000C\000o\000n\000f\000i\000g\000I\000n\000f\000o\000\040\000C\000l\000a\000s\000s\000\040\000R\000e\000f\000e\000r\000e\000n\000c\000e}{chapter.7}% 392
\BOOKMARK [2][-]{subsection.7.14.1}{\376\377\0007\000.\0001\0004\000.\0001\000\040\000D\000e\000t\000a\000i\000l\000e\000d\000\040\000D\000e\000s\000c\000r\000i\000p\000t\000i\000o\000n}{section.7.14}% 393
\BOOKMARK [2][-]{subsection.7.14.2}{\376\377\0007\000.\0001\0004\000.\0002\000\040\000C\000o\000n\000s\000t\000r\000u\000c\000t\000o\000r\000\040\000\046\000\040\000D\000e\000s\000t\000r\000u\000c\000t\000o\000r\000\040\000D\000o\000c\000u\000m\000e\000n\000t\000a\000t\000i\000o\000n}{section.7.14}% 394
\BOOKMARK [3][-]{subsubsection.7.14.2.1}{\376\377\0007\000.\0001\0004\000.\0002\000.\0001\000\040\000\137\000\137\000i\000n\000i\000t\000\137\000\137\000\050\000\051}{subsection.7.14.2}% 395
\BOOKMARK [2][-]{subsection.7.14.3}{\376\377\0007\000.\0001\0004\000.\0003\000\040\000M\000e\000m\000b\000e\000r\000\040\000F\000u\000n\000c\000t\000i\000o\000n\000\040\000D\000o\000c\000u\000m\000e\000n\000t\000a\000t\000i\000o\000n}{section.7.14}% 396
\BOOKMARK [3][-]{subsubsection.7.14.3.1}{\376\377\0007\000.\0001\0004\000.\0003\000.\0001\000\040\000c\000h\000e\000c\000k\000\137\000f\000e\000e\000d\000\137\000n\000u\000m\000\050\000\051}{subsection.7.14.3}% 397
\BOOKMARK [3][-]{subsubsection.7.14.3.2}{\376\377\0007\000.\0001\0004\000.\0003\000.\0002\000\040\000c\000r\000e\000a\000t\000e\000\050\000\051}{subsection.7.14.3}% 398
\BOOKMARK [3][-]{subsubsection.7.14.3.3}{\376\377\0007\000.\0001\0004\000.\0003\000.\0003\000\040\000r\000e\000a\000d\000\050\000\051}{subsection.7.14.3}% 399
\BOOKMARK [3][-]{subsubsection.7.14.3.4}{\376\377\0007\000.\0001\0004\000.\0003\000.\0004\000\040\000u\000p\000d\000a\000t\000e\000\137\000b\000s\000k\000y\000\137\000n\000o\000w\000\050\000\051}{subsection.7.14.3}% 400
\BOOKMARK [3][-]{subsubsection.7.14.3.5}{\376\377\0007\000.\0001\0004\000.\0003\000.\0005\000\040\000u\000p\000d\000a\000t\000e\000\137\000b\000s\000k\000y\000\137\000p\000r\000e\000v\000\050\000\051}{subsection.7.14.3}% 401
\BOOKMARK [3][-]{subsubsection.7.14.3.6}{\376\377\0007\000.\0001\0004\000.\0003\000.\0006\000\040\000u\000p\000d\000a\000t\000e\000\137\000e\000n\000t\000r\000y\000\137\000t\000i\000m\000e\000s\000\050\000\051}{subsection.7.14.3}% 402
\BOOKMARK [3][-]{subsubsection.7.14.3.7}{\376\377\0007\000.\0001\0004\000.\0003\000.\0007\000\040\000u\000p\000d\000a\000t\000e\000\137\000f\000e\000e\000d\000\137\000n\000o\000w\000\050\000\051}{subsection.7.14.3}% 403
\BOOKMARK [3][-]{subsubsection.7.14.3.8}{\376\377\0007\000.\0001\0004\000.\0003\000.\0008\000\040\000u\000p\000d\000a\000t\000e\000\137\000f\000e\000e\000d\000\137\000p\000r\000e\000v\000\050\000\051}{subsection.7.14.3}% 404
\BOOKMARK [3][-]{subsubsection.7.14.3.9}{\376\377\0007\000.\0001\0004\000.\0003\000.\0009\000\040\000w\000r\000i\000t\000e\000\137\000i\000n\000f\000o\000\050\000\051}{subsection.7.14.3}% 405
\BOOKMARK [2][-]{subsection.7.14.4}{\376\377\0007\000.\0001\0004\000.\0004\000\040\000M\000e\000m\000b\000e\000r\000\040\000D\000a\000t\000a\000\040\000D\000o\000c\000u\000m\000e\000n\000t\000a\000t\000i\000o\000n}{section.7.14}% 406
\BOOKMARK [3][-]{subsubsection.7.14.4.1}{\376\377\0007\000.\0001\0004\000.\0004\000.\0001\000\040\000f\000i\000l\000e\000n\000a\000m\000e}{subsection.7.14.4}% 407
\BOOKMARK [3][-]{subsubsection.7.14.4.2}{\376\377\0007\000.\0001\0004\000.\0004\000.\0002\000\040\000s\000t\000a\000t\000e}{subsection.7.14.4}% 408
\BOOKMARK [1][-]{section.7.15}{\376\377\0007\000.\0001\0005\000\040\000h\000e\000a\000v\000y\000\137\000l\000i\000f\000t\000i\000n\000g\000.\000S\000t\000a\000t\000e\000C\000o\000n\000f\000i\000g\000I\000n\000f\000o\000\040\000C\000l\000a\000s\000s\000\040\000R\000e\000f\000e\000r\000e\000n\000c\000e}{chapter.7}% 409
\BOOKMARK [2][-]{subsection.7.15.1}{\376\377\0007\000.\0001\0005\000.\0001\000\040\000C\000o\000n\000s\000t\000r\000u\000c\000t\000o\000r\000\040\000\046\000\040\000D\000e\000s\000t\000r\000u\000c\000t\000o\000r\000\040\000D\000o\000c\000u\000m\000e\000n\000t\000a\000t\000i\000o\000n}{section.7.15}% 410
\BOOKMARK [3][-]{subsubsection.7.15.1.1}{\376\377\0007\000.\0001\0005\000.\0001\000.\0001\000\040\000\137\000\137\000i\000n\000i\000t\000\137\000\137\000\050\000\051}{subsection.7.15.1}% 411
\BOOKMARK [2][-]{subsection.7.15.2}{\376\377\0007\000.\0001\0005\000.\0002\000\040\000M\000e\000m\000b\000e\000r\000\040\000F\000u\000n\000c\000t\000i\000o\000n\000\040\000D\000o\000c\000u\000m\000e\000n\000t\000a\000t\000i\000o\000n}{section.7.15}% 412
\BOOKMARK [3][-]{subsubsection.7.15.2.1}{\376\377\0007\000.\0001\0005\000.\0002\000.\0001\000\040\000c\000h\000e\000c\000k\000\137\000f\000e\000e\000d\000\137\000n\000u\000m\000s\000\050\000\051}{subsection.7.15.2}% 413
\BOOKMARK [3][-]{subsubsection.7.15.2.2}{\376\377\0007\000.\0001\0005\000.\0002\000.\0002\000\040\000c\000r\000e\000a\000t\000e\000\050\000\051}{subsection.7.15.2}% 414
\BOOKMARK [3][-]{subsubsection.7.15.2.3}{\376\377\0007\000.\0001\0005\000.\0002\000.\0003\000\040\000r\000e\000a\000d\000\050\000\051}{subsection.7.15.2}% 415
\BOOKMARK [3][-]{subsubsection.7.15.2.4}{\376\377\0007\000.\0001\0005\000.\0002\000.\0004\000\040\000u\000p\000d\000a\000t\000e\000\137\000b\000s\000k\000y\000\137\000n\000o\000w\000\050\000\051}{subsection.7.15.2}% 416
\BOOKMARK [3][-]{subsubsection.7.15.2.5}{\376\377\0007\000.\0001\0005\000.\0002\000.\0005\000\040\000u\000p\000d\000a\000t\000e\000\137\000b\000s\000k\000y\000\137\000p\000r\000e\000v\000\050\000\051}{subsection.7.15.2}% 417
\BOOKMARK [3][-]{subsubsection.7.15.2.6}{\376\377\0007\000.\0001\0005\000.\0002\000.\0006\000\040\000u\000p\000d\000a\000t\000e\000\137\000e\000n\000t\000r\000y\000\137\000t\000i\000m\000e\000s\000\050\000\051}{subsection.7.15.2}% 418
\BOOKMARK [3][-]{subsubsection.7.15.2.7}{\376\377\0007\000.\0001\0005\000.\0002\000.\0007\000\040\000u\000p\000d\000a\000t\000e\000\137\000f\000e\000e\000d\000\137\000n\000o\000w\000\050\000\051}{subsection.7.15.2}% 419
\BOOKMARK [3][-]{subsubsection.7.15.2.8}{\376\377\0007\000.\0001\0005\000.\0002\000.\0008\000\040\000u\000p\000d\000a\000t\000e\000\137\000f\000e\000e\000d\000\137\000p\000r\000e\000v\000\050\000\051}{subsection.7.15.2}% 420
\BOOKMARK [3][-]{subsubsection.7.15.2.9}{\376\377\0007\000.\0001\0005\000.\0002\000.\0009\000\040\000w\000r\000i\000t\000e\000\137\000i\000n\000f\000o\000\050\000\051}{subsection.7.15.2}% 421
\BOOKMARK [2][-]{subsection.7.15.3}{\376\377\0007\000.\0001\0005\000.\0003\000\040\000M\000e\000m\000b\000e\000r\000\040\000D\000a\000t\000a\000\040\000D\000o\000c\000u\000m\000e\000n\000t\000a\000t\000i\000o\000n}{section.7.15}% 422
\BOOKMARK [3][-]{subsubsection.7.15.3.1}{\376\377\0007\000.\0001\0005\000.\0003\000.\0001\000\040\000n\000o\000t\000h\000i\000n\000g}{subsection.7.15.3}% 423
\BOOKMARK [0][-]{chapter.8}{\376\377\0008\000\040\000F\000i\000l\000e\000\040\000D\000o\000c\000u\000m\000e\000n\000t\000a\000t\000i\000o\000n}{}% 424
\BOOKMARK [1][-]{section.8.1}{\376\377\0008\000.\0001\000\040\000a\000r\000r\000a\000y\000t\000e\000s\000t\000.\000p\000y\000\040\000F\000i\000l\000e\000\040\000R\000e\000f\000e\000r\000e\000n\000c\000e}{chapter.8}% 425
\BOOKMARK [1][-]{section.8.2}{\376\377\0008\000.\0002\000\040\000b\000a\000s\000i\000c\000t\000e\000s\000t\000.\000p\000y\000\040\000F\000i\000l\000e\000\040\000R\000e\000f\000e\000r\000e\000n\000c\000e}{chapter.8}% 426
\BOOKMARK [1][-]{section.8.3}{\376\377\0008\000.\0003\000\040\000B\000l\000u\000e\000V\000o\000r\000t\000e\000x\000-\000v\0002\000.\000p\000y\000\040\000F\000i\000l\000e\000\040\000R\000e\000f\000e\000r\000e\000n\000c\000e}{chapter.8}% 427
\BOOKMARK [1][-]{section.8.4}{\376\377\0008\000.\0004\000\040\000c\000l\000a\000s\000s\000f\000o\000o\000.\000p\000y\000\040\000F\000i\000l\000e\000\040\000R\000e\000f\000e\000r\000e\000n\000c\000e}{chapter.8}% 428
\BOOKMARK [1][-]{section.8.5}{\376\377\0008\000.\0005\000\040\000c\000o\000n\000f\000i\000g\000\137\000f\000e\000e\000d\000\137\000o\000b\000j\000s\000m\000e\000t\000h\000.\000p\000y\000\040\000F\000i\000l\000e\000\040\000R\000e\000f\000e\000r\000e\000n\000c\000e}{chapter.8}% 429
\BOOKMARK [1][-]{section.8.6}{\376\377\0008\000.\0006\000\040\000c\000o\000n\000f\000i\000g\000r\000e\000a\000d\000.\000p\000y\000\040\000F\000i\000l\000e\000\040\000R\000e\000f\000e\000r\000e\000n\000c\000e}{chapter.8}% 430
\BOOKMARK [1][-]{section.8.7}{\376\377\0008\000.\0007\000\040\000F\000e\000d\000i\000B\000s\000k\000y\000X\000w\000a\000l\000k\000.\000p\000y\000\040\000F\000i\000l\000e\000\040\000R\000e\000f\000e\000r\000e\000n\000c\000e}{chapter.8}% 431
\BOOKMARK [1][-]{section.8.8}{\376\377\0008\000.\0008\000\040\000F\000e\000d\000i\000E\000n\000t\000r\000y\000O\000b\000j\000e\000c\000t\000s\000.\000p\000y\000\040\000F\000i\000l\000e\000\040\000R\000e\000f\000e\000r\000e\000n\000c\000e}{chapter.8}% 432
\BOOKMARK [1][-]{section.8.9}{\376\377\0008\000.\0009\000\040\000F\000e\000d\000i\000F\000e\000e\000d\000E\000n\000t\000r\000i\000e\000s\000.\000p\000y\000\040\000F\000i\000l\000e\000\040\000R\000e\000f\000e\000r\000e\000n\000c\000e}{chapter.8}% 433
\BOOKMARK [1][-]{section.8.10}{\376\377\0008\000.\0001\0000\000\040\000F\000e\000d\000i\000Q\000u\000e\000u\000e\000O\000b\000j\000e\000c\000t\000s\000.\000p\000y\000\040\000F\000i\000l\000e\000\040\000R\000e\000f\000e\000r\000e\000n\000c\000e}{chapter.8}% 434
\BOOKMARK [1][-]{section.8.11}{\376\377\0008\000.\0001\0001\000\040\000F\000e\000d\000i\000S\000t\000r\000u\000c\000t\000s\000M\000i\000s\000c\000.\000p\000y\000\040\000F\000i\000l\000e\000\040\000R\000e\000f\000e\000r\000e\000n\000c\000e}{chapter.8}% 435
\BOOKMARK [1][-]{section.8.12}{\376\377\0008\000.\0001\0002\000\040\000F\000e\000d\000i\000X\000b\000S\000k\000y\000.\000p\000y\000\040\000F\000i\000l\000e\000\040\000R\000e\000f\000e\000r\000e\000n\000c\000e}{chapter.8}% 436
\BOOKMARK [1][-]{section.8.13}{\376\377\0008\000.\0001\0003\000\040\000f\000e\000e\000d\000s\000t\000r\000u\000c\000t\000s\000.\000p\000y\000\040\000F\000i\000l\000e\000\040\000R\000e\000f\000e\000r\000e\000n\000c\000e}{chapter.8}% 437
\BOOKMARK [1][-]{section.8.14}{\376\377\0008\000.\0001\0004\000\040\000h\000e\000a\000v\000y\000\137\000l\000i\000f\000t\000i\000n\000g\000.\000p\000y\000\040\000F\000i\000l\000e\000\040\000R\000e\000f\000e\000r\000e\000n\000c\000e}{chapter.8}% 438
\BOOKMARK [1][-]{section.8.15}{\376\377\0008\000.\0001\0005\000\040\000m\000a\000i\000n\000-\000v\0001\000.\000p\000y\000\040\000F\000i\000l\000e\000\040\000R\000e\000f\000e\000r\000e\000n\000c\000e}{chapter.8}% 439
\BOOKMARK [1][-]{section.8.16}{\376\377\0008\000.\0001\0006\000\040\000m\000a\000i\000n\000-\000v\0002\000.\000p\000y\000\040\000F\000i\000l\000e\000\040\000R\000e\000f\000e\000r\000e\000n\000c\000e}{chapter.8}% 440
\BOOKMARK [1][-]{section.8.17}{\376\377\0008\000.\0001\0007\000\040\000m\000a\000i\000n\000-\000v\0003\000.\000p\000y\000\040\000F\000i\000l\000e\000\040\000R\000e\000f\000e\000r\000e\000n\000c\000e}{chapter.8}% 441
\BOOKMARK [1][-]{section.8.18}{\376\377\0008\000.\0001\0008\000\040\000o\000l\000d\000T\000e\000s\000t\000e\000r\000.\000p\000y\000\040\000F\000i\000l\000e\000\040\000R\000e\000f\000e\000r\000e\000n\000c\000e}{chapter.8}% 442
\BOOKMARK [1][-]{section.8.19}{\376\377\0008\000.\0001\0009\000\040\000o\000o\000p\000s\000.\000p\000y\000\040\000F\000i\000l\000e\000\040\000R\000e\000f\000e\000r\000e\000n\000c\000e}{chapter.8}% 443
\BOOKMARK [1][-]{section.8.20}{\376\377\0008\000.\0002\0000\000\040\000R\000E\000A\000D\000M\000E\000.\000m\000d\000\040\000F\000i\000l\000e\000\040\000R\000e\000f\000e\000r\000e\000n\000c\000e}{chapter.8}% 444
\BOOKMARK [1][-]{section.8.21}{\376\377\0008\000.\0002\0001\000\040\000t\000e\000m\000p\000h\000o\000l\000d\000.\000p\000y\000\040\000F\000i\000l\000e\000\040\000R\000e\000f\000e\000r\000e\000n\000c\000e}{chapter.8}% 445
\BOOKMARK [1][-]{section.8.22}{\376\377\0008\000.\0002\0002\000\040\000t\000i\000m\000e\000r\000T\000e\000s\000t\000.\000p\000y\000\040\000F\000i\000l\000e\000\040\000R\000e\000f\000e\000r\000e\000n\000c\000e}{chapter.8}% 446
\BOOKMARK [0][-]{section*.92}{\376\377\000I\000n\000d\000e\000x}{}% 447
